<?xml version="1.0" ?>
<!DOCTYPE coverage SYSTEM "http://cobertura.sourceforge.net/xml/coverage-04.dtd">
<coverage lines-valid="646" lines-covered="408" line-rate="0.6315" branches-valid="278" branches-covered="105" branch-rate="0.3776" timestamp="1776856137628" complexity="0" version="0.1">
  <sources>
    <source>/media/robel/53e1aedc-bbb8-444c-ac36-5f9472e1cb342/projets/projet-IAC/backend_moustass</source>
  </sources>
  <packages>
    <package name="src" line-rate="0.9695999999999999" branch-rate="0.5">
      <classes>
        <class name="app.ts" filename="src/app.ts" line-rate="0.9695999999999999" branch-rate="0.5">
          <methods>
            <method name="(anonymous_1)" hits="2" signature="()V">
              <lines>
                <line number="33" hits="2"/>
              </lines>
            </method>
            <method name="(anonymous_2)" hits="0" signature="()V">
              <lines>
                <line number="34" hits="0"/>
              </lines>
            </method>
            <method name="(anonymous_3)" hits="18" signature="()V">
              <lines>
                <line number="45" hits="18"/>
              </lines>
            </method>
          </methods>
          <lines>
            <line number="1" hits="3" branch="false"/>
            <line number="2" hits="3" branch="false"/>
            <line number="3" hits="3" branch="false"/>
            <line number="4" hits="3" branch="false"/>
            <line number="6" hits="3" branch="false"/>
            <line number="8" hits="3" branch="false"/>
            <line number="9" hits="3" branch="false"/>
            <line number="10" hits="3" branch="false"/>
            <line number="12" hits="3" branch="false"/>
            <line number="13" hits="3" branch="false"/>
            <line number="14" hits="3" branch="false"/>
            <line number="16" hits="3" branch="false"/>
            <line number="18" hits="3" branch="false"/>
            <line number="19" hits="3" branch="false"/>
            <line number="25" hits="3" branch="false"/>
            <line number="26" hits="3" branch="false"/>
            <line number="27" hits="3" branch="false"/>
            <line number="30" hits="3" branch="false"/>
            <line number="33" hits="3" branch="false"/>
            <line number="34" hits="3" branch="false"/>
            <line number="35" hits="0" branch="false"/>
            <line number="42" hits="3" branch="false"/>
            <line number="45" hits="18" branch="false"/>
            <line number="49" hits="3" branch="true" condition-coverage="50% (1/2)"/>
            <line number="50" hits="3" branch="false"/>
            <line number="54" hits="3" branch="true" condition-coverage="50% (1/2)"/>
            <line number="55" hits="3" branch="false"/>
            <line number="59" hits="3" branch="true" condition-coverage="50% (2/4)"/>
            <line number="60" hits="3" branch="false"/>
            <line number="64" hits="3" branch="true" condition-coverage="50% (1/2)"/>
            <line number="65" hits="3" branch="false"/>
            <line number="69" hits="3" branch="false"/>
            <line number="70" hits="3" branch="false"/>
          </lines>
        </class>
      </classes>
    </package>
    <package name="src.config" line-rate="1" branch-rate="1">
      <classes>
        <class name="env.ts" filename="src/config/env.ts" line-rate="1" branch-rate="1">
          <methods>
          </methods>
          <lines>
            <line number="1" hits="13" branch="false"/>
            <line number="2" hits="13" branch="false"/>
            <line number="4" hits="13" branch="false"/>
            <line number="7" hits="13" branch="false"/>
            <line number="9" hits="13" branch="false"/>
            <line number="50" hits="13" branch="false"/>
          </lines>
        </class>
      </classes>
    </package>
    <package name="src.infrastructure" line-rate="1" branch-rate="1">
      <classes>
        <class name="prisma.ts" filename="src/infrastructure/prisma.ts" line-rate="1" branch-rate="1">
          <methods>
          </methods>
          <lines>
            <line number="1" hits="12" branch="false"/>
            <line number="2" hits="12" branch="false"/>
            <line number="4" hits="12" branch="false"/>
            <line number="6" hits="12" branch="false"/>
            <line number="8" hits="12" branch="false"/>
          </lines>
        </class>
      </classes>
    </package>
    <package name="src.modules.audit" line-rate="1" branch-rate="0">
      <classes>
        <class name="audit.service.ts" filename="src/modules/audit/audit.service.ts" line-rate="1" branch-rate="0">
          <methods>
            <method name="recordAudit" hits="1" signature="()V">
              <lines>
                <line number="16" hits="1"/>
              </lines>
            </method>
            <method name="listAudits" hits="1" signature="()V">
              <lines>
                <line number="31" hits="1"/>
              </lines>
            </method>
            <method name="getAuditById" hits="1" signature="()V">
              <lines>
                <line number="43" hits="1"/>
              </lines>
            </method>
          </methods>
          <lines>
            <line number="1" hits="6" branch="false"/>
            <line number="16" hits="6" branch="false"/>
            <line number="17" hits="1" branch="false"/>
            <line number="31" hits="6" branch="true" condition-coverage="0% (0/1)"/>
            <line number="32" hits="1" branch="false"/>
            <line number="43" hits="6" branch="false"/>
            <line number="44" hits="1" branch="false"/>
          </lines>
        </class>
      </classes>
    </package>
    <package name="src.modules.auth" line-rate="0.275" branch-rate="0.0666">
      <classes>
        <class name="auth.controller.ts" filename="src/modules/auth/auth.controller.ts" line-rate="0.2916" branch-rate="0.0454">
          <methods>
            <method name="getCookieValue" hits="0" signature="()V">
              <lines>
                <line number="8" hits="0"/>
              </lines>
            </method>
            <method name="(anonymous_10)" hits="0" signature="()V">
              <lines>
                <line number="14" hits="0"/>
              </lines>
            </method>
            <method name="appendTokenToRedirect" hits="0" signature="()V">
              <lines>
                <line number="25" hits="0"/>
              </lines>
            </method>
            <method name="(anonymous_12)" hits="2" signature="()V">
              <lines>
                <line number="36" hits="2"/>
              </lines>
            </method>
            <method name="(anonymous_13)" hits="1" signature="()V">
              <lines>
                <line number="41" hits="1"/>
              </lines>
            </method>
            <method name="(anonymous_14)" hits="0" signature="()V">
              <lines>
                <line number="51" hits="0"/>
              </lines>
            </method>
            <method name="(anonymous_15)" hits="0" signature="()V">
              <lines>
                <line number="68" hits="0"/>
              </lines>
            </method>
          </methods>
          <lines>
            <line number="2" hits="3" branch="false"/>
            <line number="3" hits="3" branch="false"/>
            <line number="4" hits="3" branch="false"/>
            <line number="5" hits="3" branch="false"/>
            <line number="6" hits="3" branch="false"/>
            <line number="9" hits="0" branch="false"/>
            <line number="10" hits="0" branch="true" condition-coverage="0% (0/2)"/>
            <line number="11" hits="0" branch="false"/>
            <line number="14" hits="0" branch="false"/>
            <line number="15" hits="0" branch="false"/>
            <line number="16" hits="0" branch="false"/>
            <line number="17" hits="0" branch="true" condition-coverage="0% (0/2)"/>
            <line number="18" hits="0" branch="false"/>
            <line number="22" hits="0" branch="false"/>
            <line number="26" hits="0" branch="false"/>
            <line number="27" hits="0" branch="false"/>
            <line number="28" hits="0" branch="false"/>
            <line number="29" hits="0" branch="false"/>
            <line number="31" hits="0" branch="true" condition-coverage="0% (0/2)"/>
            <line number="32" hits="0" branch="false"/>
            <line number="36" hits="3" branch="false"/>
            <line number="37" hits="2" branch="false"/>
            <line number="38" hits="1" branch="false"/>
            <line number="41" hits="3" branch="false"/>
            <line number="43" hits="1" branch="true" condition-coverage="50% (1/2)"/>
            <line number="44" hits="0" branch="false"/>
            <line number="47" hits="1" branch="false"/>
            <line number="48" hits="1" branch="false"/>
            <line number="51" hits="3" branch="false"/>
            <line number="53" hits="0" branch="true" condition-coverage="0% (0/2)"/>
            <line number="55" hits="0" branch="false"/>
            <line number="57" hits="0" branch="false"/>
            <line number="65" hits="0" branch="false"/>
            <line number="68" hits="3" branch="false"/>
            <line number="69" hits="0" branch="false"/>
            <line number="70" hits="0" branch="true" condition-coverage="0% (0/2)"/>
            <line number="71" hits="0" branch="true" condition-coverage="0% (0/2)"/>
            <line number="74" hits="0" branch="true" condition-coverage="0% (0/4)"/>
            <line number="75" hits="0" branch="false"/>
            <line number="78" hits="0" branch="false"/>
            <line number="79" hits="0" branch="true" condition-coverage="0% (0/2)"/>
            <line number="80" hits="0" branch="false"/>
            <line number="83" hits="0" branch="false"/>
            <line number="89" hits="0" branch="false"/>
            <line number="96" hits="0" branch="true" condition-coverage="0% (0/2)"/>
            <line number="97" hits="0" branch="false"/>
            <line number="98" hits="0" branch="false"/>
            <line number="101" hits="0" branch="false"/>
          </lines>
        </class>
        <class name="auth.routes.ts" filename="src/modules/auth/auth.routes.ts" line-rate="1" branch-rate="1">
          <methods>
          </methods>
          <lines>
            <line number="1" hits="3" branch="false"/>
            <line number="2" hits="3" branch="false"/>
            <line number="3" hits="3" branch="false"/>
            <line number="4" hits="3" branch="false"/>
            <line number="5" hits="3" branch="false"/>
            <line number="7" hits="3" branch="false"/>
            <line number="9" hits="3" branch="false"/>
            <line number="10" hits="3" branch="false"/>
            <line number="11" hits="3" branch="false"/>
            <line number="12" hits="3" branch="false"/>
            <line number="14" hits="3" branch="false"/>
          </lines>
        </class>
        <class name="auth.schemas.ts" filename="src/modules/auth/auth.schemas.ts" line-rate="1" branch-rate="1">
          <methods>
          </methods>
          <lines>
            <line number="1" hits="3" branch="false"/>
            <line number="3" hits="3" branch="false"/>
            <line number="8" hits="3" branch="false"/>
          </lines>
        </class>
        <class name="auth.service.ts" filename="src/modules/auth/auth.service.ts" line-rate="0.1956" branch-rate="0.0722">
          <methods>
            <method name="isOidcEnabled" hits="0" signature="()V">
              <lines>
                <line number="41" hits="0"/>
              </lines>
            </method>
            <method name="requireOidcEnabled" hits="0" signature="()V">
              <lines>
                <line number="47" hits="0"/>
              </lines>
            </method>
            <method name="toBase64Url" hits="0" signature="()V">
              <lines>
                <line number="53" hits="0"/>
              </lines>
            </method>
            <method name="signTxPayload" hits="0" signature="()V">
              <lines>
                <line number="57" hits="0"/>
              </lines>
            </method>
            <method name="encodeOidcTx" hits="0" signature="()V">
              <lines>
                <line number="61" hits="0"/>
              </lines>
            </method>
            <method name="decodeOidcTx" hits="0" signature="()V">
              <lines>
                <line number="67" hits="0"/>
              </lines>
            </method>
            <method name="fetchOidcDiscovery" hits="0" signature="()V">
              <lines>
                <line number="96" hits="0"/>
              </lines>
            </method>
            <method name="fetchOidcJwks" hits="0" signature="()V">
              <lines>
                <line number="124" hits="0"/>
              </lines>
            </method>
            <method name="fetchUserInfo" hits="0" signature="()V">
              <lines>
                <line number="134" hits="0"/>
              </lines>
            </method>
            <method name="buildOidcRedirect" hits="0" signature="()V">
              <lines>
                <line number="152" hits="0"/>
              </lines>
            </method>
            <method name="generateRandomB64" hits="0" signature="()V">
              <lines>
                <line number="166" hits="0"/>
              </lines>
            </method>
            <method name="buildCodeChallenge" hits="0" signature="()V">
              <lines>
                <line number="170" hits="0"/>
              </lines>
            </method>
            <method name="exchangeOidcCode" hits="0" signature="()V">
              <lines>
                <line number="174" hits="0"/>
              </lines>
            </method>
            <method name="mergeIdentityFromUserInfo" hits="0" signature="()V">
              <lines>
                <line number="209" hits="0"/>
              </lines>
            </method>
            <method name="verifyOidcIdentity" hits="0" signature="()V">
              <lines>
                <line number="228" hits="0"/>
              </lines>
            </method>
            <method name="findOrCreateOidcUser" hits="0" signature="()V">
              <lines>
                <line number="264" hits="0"/>
              </lines>
            </method>
            <method name="login" hits="3" signature="()V">
              <lines>
                <line number="287" hits="3"/>
              </lines>
            </method>
            <method name="me" hits="2" signature="()V">
              <lines>
                <line number="315" hits="2"/>
              </lines>
            </method>
            <method name="startOidcLogin" hits="0" signature="()V">
              <lines>
                <line number="328" hits="0"/>
              </lines>
            </method>
            <method name="completeOidcLogin" hits="0" signature="()V">
              <lines>
                <line number="361" hits="0"/>
              </lines>
            </method>
          </methods>
          <lines>
            <line number="1" hits="3" branch="false"/>
            <line number="2" hits="3" branch="false"/>
            <line number="3" hits="3" branch="false"/>
            <line number="4" hits="3" branch="false"/>
            <line number="5" hits="3" branch="false"/>
            <line number="6" hits="3" branch="false"/>
            <line number="7" hits="3" branch="false"/>
            <line number="8" hits="3" branch="false"/>
            <line number="9" hits="3" branch="false"/>
            <line number="38" hits="3" branch="false"/>
            <line number="39" hits="3" branch="false"/>
            <line number="42" hits="0" branch="false"/>
            <line number="48" hits="0" branch="true" condition-coverage="0% (0/2)"/>
            <line number="49" hits="0" branch="false"/>
            <line number="54" hits="0" branch="false"/>
            <line number="58" hits="0" branch="false"/>
            <line number="62" hits="0" branch="false"/>
            <line number="63" hits="0" branch="false"/>
            <line number="64" hits="0" branch="false"/>
            <line number="68" hits="0" branch="false"/>
            <line number="69" hits="0" branch="true" condition-coverage="0% (0/4)"/>
            <line number="70" hits="0" branch="false"/>
            <line number="73" hits="0" branch="false"/>
            <line number="74" hits="0" branch="false"/>
            <line number="75" hits="0" branch="false"/>
            <line number="76" hits="0" branch="true" condition-coverage="0% (0/2)"/>
            <line number="80" hits="0" branch="false"/>
            <line number="83" hits="0" branch="false"/>
            <line number="84" hits="0" branch="true" condition-coverage="0% (0/6)"/>
            <line number="85" hits="0" branch="false"/>
            <line number="88" hits="0" branch="false"/>
            <line number="89" hits="0" branch="true" condition-coverage="0% (0/2)"/>
            <line number="90" hits="0" branch="false"/>
            <line number="93" hits="0" branch="false"/>
            <line number="97" hits="0" branch="true" condition-coverage="0% (0/2)"/>
            <line number="98" hits="0" branch="false"/>
            <line number="101" hits="0" branch="false"/>
            <line number="102" hits="0" branch="false"/>
            <line number="103" hits="0" branch="false"/>
            <line number="104" hits="0" branch="false"/>
            <line number="106" hits="0" branch="true" condition-coverage="0% (0/2)"/>
            <line number="107" hits="0" branch="false"/>
            <line number="110" hits="0" branch="false"/>
            <line number="111" hits="0" branch="true" condition-coverage="0% (0/2)"/>
            <line number="117" hits="0" branch="false"/>
            <line number="120" hits="0" branch="false"/>
            <line number="121" hits="0" branch="false"/>
            <line number="125" hits="0" branch="true" condition-coverage="0% (0/2)"/>
            <line number="126" hits="0" branch="false"/>
            <line number="129" hits="0" branch="false"/>
            <line number="130" hits="0" branch="false"/>
            <line number="131" hits="0" branch="false"/>
            <line number="135" hits="0" branch="true" condition-coverage="0% (0/2)"/>
            <line number="136" hits="0" branch="false"/>
            <line number="139" hits="0" branch="false"/>
            <line number="145" hits="0" branch="true" condition-coverage="0% (0/2)"/>
            <line number="146" hits="0" branch="false"/>
            <line number="149" hits="0" branch="false"/>
            <line number="153" hits="0" branch="false"/>
            <line number="154" hits="0" branch="true" condition-coverage="0% (0/2)"/>
            <line number="155" hits="0" branch="false"/>
            <line number="158" hits="0" branch="false"/>
            <line number="159" hits="0" branch="true" condition-coverage="0% (0/2)"/>
            <line number="160" hits="0" branch="false"/>
            <line number="163" hits="0" branch="false"/>
            <line number="167" hits="0" branch="false"/>
            <line number="171" hits="0" branch="false"/>
            <line number="175" hits="0" branch="false"/>
            <line number="190" hits="0" branch="true" condition-coverage="0% (0/2)"/>
            <line number="191" hits="0" branch="false"/>
            <line number="194" hits="0" branch="false"/>
            <line number="199" hits="0" branch="true" condition-coverage="0% (0/2)"/>
            <line number="200" hits="0" branch="false"/>
            <line number="203" hits="0" branch="false"/>
            <line number="213" hits="0" branch="true" condition-coverage="0% (0/2)"/>
            <line number="214" hits="0" branch="false"/>
            <line number="217" hits="0" branch="false"/>
            <line number="218" hits="0" branch="true" condition-coverage="0% (0/4)"/>
            <line number="219" hits="0" branch="false"/>
            <line number="221" hits="0" branch="true" condition-coverage="0% (0/4)"/>
            <line number="222" hits="0" branch="false"/>
            <line number="225" hits="0" branch="false"/>
            <line number="234" hits="0" branch="false"/>
            <line number="235" hits="0" branch="false"/>
            <line number="239" hits="0" branch="false"/>
            <line number="241" hits="0" branch="true" condition-coverage="0% (0/2)"/>
            <line number="242" hits="0" branch="false"/>
            <line number="245" hits="0" branch="false"/>
            <line number="250" hits="0" branch="true" condition-coverage="0% (0/5)"/>
            <line number="251" hits="0" branch="false"/>
            <line number="252" hits="0" branch="false"/>
            <line number="255" hits="0" branch="true" condition-coverage="0% (0/2)"/>
            <line number="256" hits="0" branch="false"/>
            <line number="259" hits="0" branch="false"/>
            <line number="260" hits="0" branch="true" condition-coverage="0% (0/3)"/>
            <line number="261" hits="0" branch="false"/>
            <line number="265" hits="0" branch="false"/>
            <line number="269" hits="0" branch="true" condition-coverage="0% (0/2)"/>
            <line number="270" hits="0" branch="false"/>
            <line number="273" hits="0" branch="false"/>
            <line number="274" hits="0" branch="false"/>
            <line number="275" hits="0" branch="false"/>
            <line number="284" hits="0" branch="false"/>
            <line number="287" hits="3" branch="false"/>
            <line number="288" hits="3" branch="false"/>
            <line number="292" hits="3" branch="true" condition-coverage="100% (2/2)"/>
            <line number="294" hits="1" branch="false"/>
            <line number="297" hits="2" branch="false"/>
            <line number="298" hits="2" branch="true" condition-coverage="100% (2/2)"/>
            <line number="299" hits="1" branch="false"/>
            <line number="302" hits="1" branch="false"/>
            <line number="309" hits="1" branch="false"/>
            <line number="315" hits="3" branch="false"/>
            <line number="316" hits="2" branch="false"/>
            <line number="321" hits="2" branch="true" condition-coverage="100% (2/2)"/>
            <line number="322" hits="1" branch="false"/>
            <line number="325" hits="1" branch="false"/>
            <line number="328" hits="3" branch="false"/>
            <line number="329" hits="0" branch="false"/>
            <line number="330" hits="0" branch="false"/>
            <line number="332" hits="0" branch="false"/>
            <line number="333" hits="0" branch="false"/>
            <line number="334" hits="0" branch="false"/>
            <line number="335" hits="0" branch="false"/>
            <line number="336" hits="0" branch="false"/>
            <line number="344" hits="0" branch="false"/>
            <line number="355" hits="0" branch="false"/>
            <line number="361" hits="3" branch="false"/>
            <line number="362" hits="0" branch="false"/>
            <line number="363" hits="0" branch="false"/>
            <line number="364" hits="0" branch="false"/>
            <line number="366" hits="0" branch="true" condition-coverage="0% (0/2)"/>
            <line number="367" hits="0" branch="false"/>
            <line number="370" hits="0" branch="false"/>
            <line number="371" hits="0" branch="false"/>
            <line number="377" hits="0" branch="false"/>
            <line number="379" hits="0" branch="false"/>
            <line number="386" hits="0" branch="false"/>
          </lines>
        </class>
      </classes>
    </package>
    <package name="src.modules.crypto" line-rate="0.7894" branch-rate="0.7">
      <classes>
        <class name="crypto.schemas.ts" filename="src/modules/crypto/crypto.schemas.ts" line-rate="1" branch-rate="1">
          <methods>
          </methods>
          <lines>
            <line number="1" hits="1" branch="false"/>
            <line number="3" hits="1" branch="false"/>
            <line number="16" hits="1" branch="false"/>
          </lines>
        </class>
        <class name="crypto.service.ts" filename="src/modules/crypto/crypto.service.ts" line-rate="0.7714" branch-rate="0.7">
          <methods>
            <method name="sha256" hits="1" signature="()V">
              <lines>
                <line number="23" hits="1"/>
              </lines>
            </method>
            <method name="buildMessageManifest" hits="3" signature="()V">
              <lines>
                <line number="29" hits="3"/>
              </lines>
            </method>
            <method name="loadKeys" hits="5" signature="()V">
              <lines>
                <line number="41" hits="5"/>
              </lines>
            </method>
            <method name="getPrivateKey" hits="2" signature="()V">
              <lines>
                <line number="65" hits="2"/>
              </lines>
            </method>
            <method name="getPublicKey" hits="3" signature="()V">
              <lines>
                <line number="70" hits="3"/>
              </lines>
            </method>
            <method name="signManifest" hits="2" signature="()V">
              <lines>
                <line number="77" hits="2"/>
              </lines>
            </method>
            <method name="(anonymous_6)" hits="56" signature="()V">
              <lines>
                <line number="79" hits="56"/>
              </lines>
            </method>
            <method name="verifyManifest" hits="3" signature="()V">
              <lines>
                <line number="94" hits="3"/>
              </lines>
            </method>
            <method name="(anonymous_8)" hits="84" signature="()V">
              <lines>
                <line number="97" hits="84"/>
              </lines>
            </method>
          </methods>
          <lines>
            <line number="1" hits="6" branch="false"/>
            <line number="2" hits="6" branch="false"/>
            <line number="23" hits="6" branch="false"/>
            <line number="24" hits="1" branch="false"/>
            <line number="29" hits="6" branch="false"/>
            <line number="30" hits="3" branch="false"/>
            <line number="38" hits="6" branch="false"/>
            <line number="39" hits="6" branch="false"/>
            <line number="42" hits="5" branch="true" condition-coverage="100% (4/4)"/>
            <line number="44" hits="1" branch="true" condition-coverage="75% (3/4)"/>
            <line number="45" hits="0" branch="true" condition-coverage="0% (0/2)"/>
            <line number="46" hits="0" branch="false"/>
            <line number="53" hits="0" branch="false"/>
            <line number="54" hits="0" branch="false"/>
            <line number="55" hits="0" branch="false"/>
            <line number="58" hits="0" branch="false"/>
            <line number="61" hits="1" branch="false"/>
            <line number="62" hits="1" branch="false"/>
            <line number="66" hits="2" branch="false"/>
            <line number="67" hits="2" branch="false"/>
            <line number="71" hits="3" branch="false"/>
            <line number="72" hits="3" branch="false"/>
            <line number="77" hits="6" branch="false"/>
            <line number="78" hits="2" branch="false"/>
            <line number="79" hits="56" branch="false"/>
            <line number="81" hits="2" branch="false"/>
            <line number="91" hits="2" branch="false"/>
            <line number="94" hits="6" branch="false"/>
            <line number="95" hits="3" branch="false"/>
            <line number="96" hits="3" branch="false"/>
            <line number="97" hits="84" branch="false"/>
            <line number="98" hits="3" branch="false"/>
            <line number="100" hits="3" branch="false"/>
            <line number="111" hits="0" branch="false"/>
            <line number="112" hits="0" branch="false"/>
          </lines>
        </class>
      </classes>
    </package>
    <package name="src.modules.license" line-rate="0.7636" branch-rate="0.7692">
      <classes>
        <class name="license.controller.ts" filename="src/modules/license/license.controller.ts" line-rate="0.36840000000000006" branch-rate="0">
          <methods>
            <method name="getIdParam" hits="0" signature="()V">
              <lines>
                <line number="6" hits="0"/>
              </lines>
            </method>
            <method name="(anonymous_10)" hits="0" signature="()V">
              <lines>
                <line number="14" hits="0"/>
              </lines>
            </method>
            <method name="(anonymous_11)" hits="0" signature="()V">
              <lines>
                <line number="19" hits="0"/>
              </lines>
            </method>
            <method name="(anonymous_12)" hits="0" signature="()V">
              <lines>
                <line number="24" hits="0"/>
              </lines>
            </method>
            <method name="(anonymous_13)" hits="0" signature="()V">
              <lines>
                <line number="29" hits="0"/>
              </lines>
            </method>
          </methods>
          <lines>
            <line number="2" hits="3" branch="false"/>
            <line number="3" hits="3" branch="false"/>
            <line number="4" hits="3" branch="false"/>
            <line number="7" hits="0" branch="false"/>
            <line number="8" hits="0" branch="true" condition-coverage="0% (0/4)"/>
            <line number="9" hits="0" branch="false"/>
            <line number="11" hits="0" branch="false"/>
            <line number="14" hits="3" branch="false"/>
            <line number="15" hits="0" branch="false"/>
            <line number="16" hits="0" branch="false"/>
            <line number="19" hits="3" branch="false"/>
            <line number="20" hits="0" branch="false"/>
            <line number="21" hits="0" branch="false"/>
            <line number="24" hits="3" branch="false"/>
            <line number="25" hits="0" branch="false"/>
            <line number="26" hits="0" branch="false"/>
            <line number="29" hits="3" branch="false"/>
            <line number="30" hits="0" branch="false"/>
            <line number="31" hits="0" branch="false"/>
          </lines>
        </class>
        <class name="license.routes.ts" filename="src/modules/license/license.routes.ts" line-rate="1" branch-rate="1">
          <methods>
          </methods>
          <lines>
            <line number="1" hits="3" branch="false"/>
            <line number="2" hits="3" branch="false"/>
            <line number="3" hits="3" branch="false"/>
            <line number="4" hits="3" branch="false"/>
            <line number="5" hits="3" branch="false"/>
            <line number="7" hits="3" branch="false"/>
            <line number="9" hits="3" branch="false"/>
            <line number="10" hits="3" branch="false"/>
            <line number="11" hits="3" branch="false"/>
            <line number="12" hits="3" branch="false"/>
            <line number="14" hits="3" branch="false"/>
          </lines>
        </class>
        <class name="license.schemas.ts" filename="src/modules/license/license.schemas.ts" line-rate="1" branch-rate="1">
          <methods>
          </methods>
          <lines>
            <line number="1" hits="3" branch="false"/>
            <line number="3" hits="3" branch="false"/>
            <line number="15" hits="3" branch="false"/>
          </lines>
        </class>
        <class name="license.service.ts" filename="src/modules/license/license.service.ts" line-rate="0.9545" branch-rate="0.909">
          <methods>
            <method name="listLicenses" hits="1" signature="()V">
              <lines>
                <line number="5" hits="1"/>
              </lines>
            </method>
            <method name="createLicense" hits="1" signature="()V">
              <lines>
                <line number="11" hits="1"/>
              </lines>
            </method>
            <method name="updateLicense" hits="3" signature="()V">
              <lines>
                <line number="37" hits="3"/>
              </lines>
            </method>
            <method name="deleteLicense" hits="2" signature="()V">
              <lines>
                <line number="81" hits="2"/>
              </lines>
            </method>
          </methods>
          <lines>
            <line number="2" hits="4" branch="false"/>
            <line number="3" hits="4" branch="false"/>
            <line number="5" hits="4" branch="false"/>
            <line number="6" hits="1" branch="false"/>
            <line number="11" hits="4" branch="false"/>
            <line number="22" hits="1" branch="false"/>
            <line number="37" hits="4" branch="false"/>
            <line number="51" hits="3" branch="false"/>
            <line number="52" hits="3" branch="true" condition-coverage="100% (2/2)"/>
            <line number="53" hits="1" branch="false"/>
            <line number="57" hits="2" branch="true" condition-coverage="100% (2/2)"/>
            <line number="58" hits="1" branch="false"/>
            <line number="59" hits="1" branch="true" condition-coverage="50% (1/2)"/>
            <line number="60" hits="0" branch="false"/>
            <line number="62" hits="1" branch="false"/>
            <line number="65" hits="2" branch="false"/>
            <line number="81" hits="4" branch="false"/>
            <line number="82" hits="2" branch="false"/>
            <line number="83" hits="2" branch="true" condition-coverage="100% (2/2)"/>
            <line number="84" hits="1" branch="false"/>
            <line number="87" hits="1" branch="false"/>
            <line number="88" hits="1" branch="false"/>
          </lines>
        </class>
      </classes>
    </package>
    <package name="src.modules.metadata" line-rate="1" branch-rate="0.8">
      <classes>
        <class name="metadata.service.ts" filename="src/modules/metadata/metadata.service.ts" line-rate="1" branch-rate="0.8">
          <methods>
            <method name="getMessageById" hits="5" signature="()V">
              <lines>
                <line number="3" hits="5"/>
              </lines>
            </method>
            <method name="getMessageByIdForActor" hits="4" signature="()V">
              <lines>
                <line number="9" hits="4"/>
              </lines>
            </method>
            <method name="listMessagesForActor" hits="2" signature="()V">
              <lines>
                <line number="23" hits="2"/>
              </lines>
            </method>
          </methods>
          <lines>
            <line number="1" hits="1" branch="false"/>
            <line number="3" hits="1" branch="false"/>
            <line number="4" hits="5" branch="false"/>
            <line number="9" hits="1" branch="true" condition-coverage="0% (0/1)"/>
            <line number="10" hits="4" branch="false"/>
            <line number="12" hits="4" branch="true" condition-coverage="100% (2/2)"/>
            <line number="13" hits="1" branch="false"/>
            <line number="16" hits="3" branch="true" condition-coverage="100% (4/4)"/>
            <line number="17" hits="2" branch="false"/>
            <line number="20" hits="1" branch="false"/>
            <line number="23" hits="1" branch="true" condition-coverage="0% (0/1)"/>
            <line number="24" hits="2" branch="false"/>
          </lines>
        </class>
      </classes>
    </package>
    <package name="src.modules.user" line-rate="0.8059000000000001" branch-rate="0.7222">
      <classes>
        <class name="user.controller.ts" filename="src/modules/user/user.controller.ts" line-rate="0.36840000000000006" branch-rate="0">
          <methods>
            <method name="getIdParam" hits="0" signature="()V">
              <lines>
                <line number="6" hits="0"/>
              </lines>
            </method>
            <method name="(anonymous_10)" hits="0" signature="()V">
              <lines>
                <line number="14" hits="0"/>
              </lines>
            </method>
            <method name="(anonymous_11)" hits="0" signature="()V">
              <lines>
                <line number="19" hits="0"/>
              </lines>
            </method>
            <method name="(anonymous_12)" hits="0" signature="()V">
              <lines>
                <line number="24" hits="0"/>
              </lines>
            </method>
            <method name="(anonymous_13)" hits="0" signature="()V">
              <lines>
                <line number="29" hits="0"/>
              </lines>
            </method>
          </methods>
          <lines>
            <line number="2" hits="3" branch="false"/>
            <line number="3" hits="3" branch="false"/>
            <line number="4" hits="3" branch="false"/>
            <line number="7" hits="0" branch="false"/>
            <line number="8" hits="0" branch="true" condition-coverage="0% (0/4)"/>
            <line number="9" hits="0" branch="false"/>
            <line number="11" hits="0" branch="false"/>
            <line number="14" hits="3" branch="false"/>
            <line number="15" hits="0" branch="false"/>
            <line number="16" hits="0" branch="false"/>
            <line number="19" hits="3" branch="false"/>
            <line number="20" hits="0" branch="false"/>
            <line number="21" hits="0" branch="false"/>
            <line number="24" hits="3" branch="false"/>
            <line number="25" hits="0" branch="false"/>
            <line number="26" hits="0" branch="false"/>
            <line number="29" hits="3" branch="false"/>
            <line number="30" hits="0" branch="false"/>
            <line number="31" hits="0" branch="false"/>
          </lines>
        </class>
        <class name="user.routes.ts" filename="src/modules/user/user.routes.ts" line-rate="1" branch-rate="1">
          <methods>
          </methods>
          <lines>
            <line number="1" hits="3" branch="false"/>
            <line number="2" hits="3" branch="false"/>
            <line number="3" hits="3" branch="false"/>
            <line number="4" hits="3" branch="false"/>
            <line number="5" hits="3" branch="false"/>
            <line number="7" hits="3" branch="false"/>
            <line number="9" hits="3" branch="false"/>
            <line number="10" hits="3" branch="false"/>
            <line number="11" hits="3" branch="false"/>
            <line number="12" hits="3" branch="false"/>
            <line number="14" hits="3" branch="false"/>
          </lines>
        </class>
        <class name="user.schemas.ts" filename="src/modules/user/user.schemas.ts" line-rate="1" branch-rate="1">
          <methods>
          </methods>
          <lines>
            <line number="1" hits="3" branch="false"/>
            <line number="3" hits="3" branch="false"/>
            <line number="10" hits="3" branch="false"/>
          </lines>
        </class>
        <class name="user.service.ts" filename="src/modules/user/user.service.ts" line-rate="0.9704999999999999" branch-rate="0.9285">
          <methods>
            <method name="toPublicUser" hits="7" signature="()V">
              <lines>
                <line number="6" hits="7"/>
              </lines>
            </method>
            <method name="listUsers" hits="1" signature="()V">
              <lines>
                <line number="24" hits="1"/>
              </lines>
            </method>
            <method name="createUser" hits="2" signature="()V">
              <lines>
                <line number="32" hits="2"/>
              </lines>
            </method>
            <method name="updateUser" hits="3" signature="()V">
              <lines>
                <line number="58" hits="3"/>
              </lines>
            </method>
            <method name="deleteUser" hits="2" signature="()V">
              <lines>
                <line number="83" hits="2"/>
              </lines>
            </method>
          </methods>
          <lines>
            <line number="1" hits="5" branch="false"/>
            <line number="3" hits="5" branch="false"/>
            <line number="4" hits="5" branch="false"/>
            <line number="6" hits="5" branch="false"/>
            <line number="14" hits="7" branch="false"/>
            <line number="24" hits="5" branch="false"/>
            <line number="25" hits="1" branch="false"/>
            <line number="29" hits="1" branch="false"/>
            <line number="32" hits="5" branch="false"/>
            <line number="38" hits="2" branch="false"/>
            <line number="40" hits="2" branch="true" condition-coverage="100% (2/2)"/>
            <line number="41" hits="1" branch="false"/>
            <line number="44" hits="1" branch="false"/>
            <line number="46" hits="1" branch="false"/>
            <line number="55" hits="1" branch="false"/>
            <line number="58" hits="5" branch="false"/>
            <line number="59" hits="3" branch="false"/>
            <line number="61" hits="3" branch="true" condition-coverage="100% (2/2)"/>
            <line number="62" hits="1" branch="false"/>
            <line number="65" hits="2" branch="false"/>
            <line number="67" hits="2" branch="true" condition-coverage="100% (2/2)"/>
            <line number="68" hits="1" branch="false"/>
            <line number="71" hits="2" branch="true" condition-coverage="50% (1/2)"/>
            <line number="72" hits="0" branch="false"/>
            <line number="75" hits="2" branch="true" condition-coverage="100% (2/2)"/>
            <line number="76" hits="1" branch="false"/>
            <line number="79" hits="2" branch="false"/>
            <line number="80" hits="2" branch="false"/>
            <line number="83" hits="5" branch="false"/>
            <line number="84" hits="2" branch="false"/>
            <line number="86" hits="2" branch="true" condition-coverage="100% (2/2)"/>
            <line number="87" hits="1" branch="false"/>
            <line number="90" hits="1" branch="false"/>
            <line number="91" hits="1" branch="false"/>
          </lines>
        </class>
      </classes>
    </package>
    <package name="src.modules.video" line-rate="0.8604" branch-rate="0.6727">
      <classes>
        <class name="video.controller.ts" filename="src/modules/video/video.controller.ts" line-rate="0.7428" branch-rate="0.625">
          <methods>
            <method name="getAuth" hits="3" signature="()V">
              <lines>
                <line number="15" hits="3"/>
              </lines>
            </method>
            <method name="getIdParam" hits="2" signature="()V">
              <lines>
                <line number="23" hits="2"/>
              </lines>
            </method>
            <method name="(anonymous_2)" hits="1" signature="()V">
              <lines>
                <line number="31" hits="1"/>
              </lines>
            </method>
            <method name="(anonymous_3)" hits="0" signature="()V">
              <lines>
                <line number="47" hits="0"/>
              </lines>
            </method>
            <method name="(anonymous_4)" hits="0" signature="()V">
              <lines>
                <line number="53" hits="0"/>
              </lines>
            </method>
            <method name="(anonymous_5)" hits="0" signature="()V">
              <lines>
                <line number="58" hits="0"/>
              </lines>
            </method>
            <method name="(anonymous_6)" hits="1" signature="()V">
              <lines>
                <line number="63" hits="1"/>
              </lines>
            </method>
            <method name="(anonymous_7)" hits="1" signature="()V">
              <lines>
                <line number="71" hits="1"/>
              </lines>
            </method>
          </methods>
          <lines>
            <line number="2" hits="4" branch="false"/>
            <line number="3" hits="4" branch="false"/>
            <line number="4" hits="4" branch="false"/>
            <line number="5" hits="4" branch="false"/>
            <line number="16" hits="3" branch="false"/>
            <line number="17" hits="3" branch="true" condition-coverage="50% (1/2)"/>
            <line number="18" hits="0" branch="false"/>
            <line number="20" hits="3" branch="false"/>
            <line number="24" hits="2" branch="false"/>
            <line number="25" hits="2" branch="true" condition-coverage="75% (3/4)"/>
            <line number="26" hits="0" branch="false"/>
            <line number="28" hits="2" branch="false"/>
            <line number="31" hits="4" branch="false"/>
            <line number="32" hits="1" branch="true" condition-coverage="50% (1/2)"/>
            <line number="34" hits="1" branch="false"/>
            <line number="36" hits="1" branch="false"/>
            <line number="44" hits="1" branch="false"/>
            <line number="47" hits="4" branch="false"/>
            <line number="48" hits="0" branch="false"/>
            <line number="49" hits="0" branch="false"/>
            <line number="50" hits="0" branch="false"/>
            <line number="53" hits="4" branch="false"/>
            <line number="54" hits="0" branch="false"/>
            <line number="55" hits="0" branch="false"/>
            <line number="58" hits="4" branch="false"/>
            <line number="59" hits="0" branch="false"/>
            <line number="60" hits="0" branch="false"/>
            <line number="63" hits="4" branch="false"/>
            <line number="64" hits="1" branch="false"/>
            <line number="66" hits="1" branch="false"/>
            <line number="67" hits="1" branch="false"/>
            <line number="68" hits="1" branch="false"/>
            <line number="71" hits="4" branch="false"/>
            <line number="72" hits="1" branch="false"/>
            <line number="73" hits="1" branch="false"/>
          </lines>
        </class>
        <class name="video.routes.ts" filename="src/modules/video/video.routes.ts" line-rate="1" branch-rate="1">
          <methods>
          </methods>
          <lines>
            <line number="1" hits="3" branch="false"/>
            <line number="2" hits="3" branch="false"/>
            <line number="3" hits="3" branch="false"/>
            <line number="4" hits="3" branch="false"/>
            <line number="6" hits="3" branch="false"/>
            <line number="7" hits="3" branch="false"/>
            <line number="12" hits="3" branch="false"/>
            <line number="13" hits="3" branch="false"/>
            <line number="14" hits="3" branch="false"/>
            <line number="15" hits="3" branch="false"/>
            <line number="16" hits="3" branch="false"/>
            <line number="17" hits="3" branch="false"/>
            <line number="19" hits="3" branch="false"/>
          </lines>
        </class>
        <class name="video.schemas.ts" filename="src/modules/video/video.schemas.ts" line-rate="1" branch-rate="1">
          <methods>
          </methods>
          <lines>
            <line number="1" hits="4" branch="false"/>
            <line number="3" hits="4" branch="false"/>
            <line number="9" hits="4" branch="false"/>
          </lines>
        </class>
        <class name="video.service.ts" filename="src/modules/video/video.service.ts" line-rate="0.8845999999999999" branch-rate="0.6808">
          <methods>
            <method name="toParticipant" hits="7" signature="()V">
              <lines>
                <line number="22" hits="7"/>
              </lines>
            </method>
            <method name="toMessageListItem" hits="3" signature="()V">
              <lines>
                <line number="35" hits="3"/>
              </lines>
            </method>
            <method name="findAuthorizedMessage" hits="4" signature="()V">
              <lines>
                <line number="80" hits="4"/>
              </lines>
            </method>
            <method name="getStorageRoot" hits="3" signature="()V">
              <lines>
                <line number="104" hits="3"/>
              </lines>
            </method>
            <method name="sanitizeFileName" hits="1" signature="()V">
              <lines>
                <line number="108" hits="1"/>
              </lines>
            </method>
            <method name="uploadMessage" hits="5" signature="()V">
              <lines>
                <line number="112" hits="5"/>
              </lines>
            </method>
            <method name="(anonymous_7)" hits="1" signature="()V">
              <lines>
                <line number="199" hits="1"/>
              </lines>
            </method>
            <method name="listMessageRecipients" hits="1" signature="()V">
              <lines>
                <line number="202" hits="1"/>
              </lines>
            </method>
            <method name="(anonymous_9)" hits="1" signature="()V">
              <lines>
                <line number="218" hits="1"/>
              </lines>
            </method>
            <method name="listMessages" hits="1" signature="()V">
              <lines>
                <line number="221" hits="1"/>
              </lines>
            </method>
            <method name="(anonymous_11)" hits="1" signature="()V">
              <lines>
                <line number="270" hits="1"/>
              </lines>
            </method>
            <method name="getMessageDetails" hits="1" signature="()V">
              <lines>
                <line number="278" hits="1"/>
              </lines>
            </method>
            <method name="openMessageStream" hits="2" signature="()V">
              <lines>
                <line number="293" hits="2"/>
              </lines>
            </method>
            <method name="removeMessage" hits="1" signature="()V">
              <lines>
                <line number="311" hits="1"/>
              </lines>
            </method>
            <method name="(anonymous_15)" hits="0" signature="()V">
              <lines>
                <line number="318" hits="0"/>
              </lines>
            </method>
            <method name="createMessageReadStream" hits="0" signature="()V">
              <lines>
                <line number="335" hits="0"/>
              </lines>
            </method>
          </methods>
          <lines>
            <line number="1" hits="5" branch="false"/>
            <line number="2" hits="5" branch="false"/>
            <line number="3" hits="5" branch="false"/>
            <line number="4" hits="5" branch="false"/>
            <line number="6" hits="5" branch="false"/>
            <line number="7" hits="5" branch="false"/>
            <line number="8" hits="5" branch="false"/>
            <line number="9" hits="5" branch="false"/>
            <line number="10" hits="5" branch="false"/>
            <line number="23" hits="7" branch="true" condition-coverage="50% (1/2)"/>
            <line number="24" hits="0" branch="false"/>
            <line number="27" hits="7" branch="false"/>
            <line number="54" hits="3" branch="false"/>
            <line number="81" hits="4" branch="false"/>
            <line number="89" hits="4" branch="true" condition-coverage="100% (4/4)"/>
            <line number="90" hits="1" branch="false"/>
            <line number="93" hits="3" branch="false"/>
            <line number="94" hits="3" branch="false"/>
            <line number="95" hits="3" branch="false"/>
            <line number="97" hits="3" branch="true" condition-coverage="60% (3/5)"/>
            <line number="98" hits="0" branch="false"/>
            <line number="101" hits="3" branch="false"/>
            <line number="105" hits="3" branch="false"/>
            <line number="109" hits="1" branch="false"/>
            <line number="112" hits="5" branch="false"/>
            <line number="119" hits="5" branch="true" condition-coverage="100% (2/2)"/>
            <line number="120" hits="4" branch="true" condition-coverage="100% (2/2)"/>
            <line number="121" hits="1" branch="false"/>
            <line number="124" hits="3" branch="false"/>
            <line number="125" hits="3" branch="false"/>
            <line number="127" hits="3" branch="false"/>
            <line number="131" hits="3" branch="true" condition-coverage="100% (2/2)"/>
            <line number="132" hits="1" branch="false"/>
            <line number="135" hits="2" branch="true" condition-coverage="100% (2/2)"/>
            <line number="136" hits="1" branch="false"/>
            <line number="139" hits="1" branch="false"/>
            <line number="140" hits="1" branch="false"/>
            <line number="141" hits="1" branch="false"/>
            <line number="143" hits="1" branch="false"/>
            <line number="145" hits="1" branch="false"/>
            <line number="159" hits="1" branch="false"/>
            <line number="161" hits="1" branch="false"/>
            <line number="163" hits="1" branch="false"/>
            <line number="179" hits="1" branch="false"/>
            <line number="193" hits="1" branch="false"/>
            <line number="199" hits="1" branch="false"/>
            <line number="202" hits="5" branch="false"/>
            <line number="203" hits="1" branch="false"/>
            <line number="218" hits="1" branch="false"/>
            <line number="221" hits="5" branch="false"/>
            <line number="223" hits="1" branch="true" condition-coverage="50% (1/2)"/>
            <line number="233" hits="1" branch="false"/>
            <line number="253" hits="1" branch="false"/>
            <line number="255" hits="1" branch="false"/>
            <line number="269" hits="1" branch="false"/>
            <line number="270" hits="1" branch="false"/>
            <line number="278" hits="5" branch="false"/>
            <line number="279" hits="1" branch="false"/>
            <line number="281" hits="1" branch="false"/>
            <line number="282" hits="1" branch="false"/>
            <line number="284" hits="1" branch="false"/>
            <line number="293" hits="5" branch="false"/>
            <line number="294" hits="2" branch="false"/>
            <line number="296" hits="1" branch="false"/>
            <line number="297" hits="1" branch="true" condition-coverage="50% (1/2)"/>
            <line number="298" hits="1" branch="false"/>
            <line number="301" hits="0" branch="false"/>
            <line number="308" hits="0" branch="false"/>
            <line number="311" hits="5" branch="false"/>
            <line number="312" hits="1" branch="false"/>
            <line number="314" hits="1" branch="true" condition-coverage="75% (3/4)"/>
            <line number="315" hits="1" branch="false"/>
            <line number="318" hits="0" branch="false"/>
            <line number="320" hits="0" branch="false"/>
            <line number="325" hits="0" branch="false"/>
            <line number="332" hits="0" branch="false"/>
            <line number="335" hits="5" branch="false"/>
            <line number="336" hits="0" branch="false"/>
          </lines>
        </class>
      </classes>
    </package>
    <package name="src.shared" line-rate="1" branch-rate="0">
      <classes>
        <class name="async-handler.ts" filename="src/shared/async-handler.ts" line-rate="1" branch-rate="1">
          <methods>
            <method name="asyncHandler" hits="60" signature="()V">
              <lines>
                <line number="3" hits="60"/>
              </lines>
            </method>
            <method name="(anonymous_1)" hits="6" signature="()V">
              <lines>
                <line number="4" hits="6"/>
              </lines>
            </method>
          </methods>
          <lines>
            <line number="3" hits="4" branch="false"/>
            <line number="4" hits="60" branch="false"/>
            <line number="5" hits="6" branch="false"/>
          </lines>
        </class>
        <class name="http-errors.ts" filename="src/shared/http-errors.ts" line-rate="1" branch-rate="0">
          <methods>
            <method name="(anonymous_0)" hits="33" signature="()V">
              <lines>
                <line number="5" hits="33"/>
              </lines>
            </method>
            <method name="badRequest" hits="10" signature="()V">
              <lines>
                <line number="13" hits="10"/>
              </lines>
            </method>
            <method name="unauthorized" hits="9" signature="()V">
              <lines>
                <line number="17" hits="9"/>
              </lines>
            </method>
            <method name="forbidden" hits="2" signature="()V">
              <lines>
                <line number="21" hits="2"/>
              </lines>
            </method>
            <method name="notFound" hits="12" signature="()V">
              <lines>
                <line number="25" hits="12"/>
              </lines>
            </method>
          </methods>
          <lines>
            <line number="1" hits="9" branch="false"/>
            <line number="6" hits="33" branch="false"/>
            <line number="7" hits="33" branch="false"/>
            <line number="8" hits="33" branch="false"/>
            <line number="9" hits="33" branch="false"/>
            <line number="13" hits="9" branch="false"/>
            <line number="14" hits="10" branch="false"/>
            <line number="17" hits="9" branch="true" condition-coverage="0% (0/1)"/>
            <line number="18" hits="9" branch="false"/>
            <line number="21" hits="9" branch="true" condition-coverage="0% (0/1)"/>
            <line number="22" hits="2" branch="false"/>
            <line number="25" hits="9" branch="true" condition-coverage="0% (0/1)"/>
            <line number="26" hits="12" branch="false"/>
          </lines>
        </class>
      </classes>
    </package>
    <package name="src.shared.middleware" line-rate="0.4347" branch-rate="0.147">
      <classes>
        <class name="authenticate.ts" filename="src/shared/middleware/authenticate.ts" line-rate="0.6666" branch-rate="0.25">
          <methods>
            <method name="(anonymous_0)" hits="3" signature="()V">
              <lines>
                <line number="5" hits="3"/>
              </lines>
            </method>
            <method name="requireRole" hits="30" signature="()V">
              <lines>
                <line number="23" hits="30"/>
              </lines>
            </method>
            <method name="(anonymous_2)" hits="0" signature="()V">
              <lines>
                <line number="24" hits="0"/>
              </lines>
            </method>
          </methods>
          <lines>
            <line number="2" hits="3" branch="false"/>
            <line number="3" hits="3" branch="false"/>
            <line number="5" hits="3" branch="false"/>
            <line number="6" hits="3" branch="false"/>
            <line number="8" hits="3" branch="true" condition-coverage="100% (2/2)"/>
            <line number="9" hits="2" branch="false"/>
            <line number="12" hits="1" branch="false"/>
            <line number="14" hits="1" branch="false"/>
            <line number="15" hits="1" branch="false"/>
            <line number="16" hits="1" branch="false"/>
            <line number="19" hits="0" branch="true" condition-coverage="0% (0/2)"/>
            <line number="23" hits="3" branch="false"/>
            <line number="24" hits="30" branch="false"/>
            <line number="25" hits="0" branch="true" condition-coverage="0% (0/2)"/>
            <line number="26" hits="0" branch="false"/>
            <line number="29" hits="0" branch="true" condition-coverage="0% (0/2)"/>
            <line number="30" hits="0" branch="false"/>
            <line number="33" hits="0" branch="false"/>
          </lines>
        </class>
        <class name="error-handler.ts" filename="src/shared/middleware/error-handler.ts" line-rate="0.225" branch-rate="0.0833">
          <methods>
            <method name="handlePrismaError" hits="0" signature="()V">
              <lines>
                <line number="6" hits="0"/>
              </lines>
            </method>
            <method name="(anonymous_1)" hits="0" signature="()V">
              <lines>
                <line number="69" hits="0"/>
              </lines>
            </method>
            <method name="(anonymous_2)" hits="3" signature="()V">
              <lines>
                <line number="73" hits="3"/>
              </lines>
            </method>
          </methods>
          <lines>
            <line number="2" hits="3" branch="false"/>
            <line number="3" hits="3" branch="false"/>
            <line number="4" hits="3" branch="false"/>
            <line number="7" hits="0" branch="true" condition-coverage="0% (0/2)"/>
            <line number="8" hits="0" branch="true" condition-coverage="0% (0/2)"/>
            <line number="9" hits="0" branch="true" condition-coverage="0% (0/2)"/>
            <line number="13" hits="0" branch="false"/>
            <line number="16" hits="0" branch="false"/>
            <line number="19" hits="0" branch="true" condition-coverage="0% (0/2)"/>
            <line number="20" hits="0" branch="false"/>
            <line number="23" hits="0" branch="false"/>
            <line number="26" hits="0" branch="true" condition-coverage="0% (0/2)"/>
            <line number="27" hits="0" branch="false"/>
            <line number="30" hits="0" branch="false"/>
            <line number="33" hits="0" branch="true" condition-coverage="0% (0/2)"/>
            <line number="34" hits="0" branch="false"/>
            <line number="37" hits="0" branch="false"/>
            <line number="40" hits="0" branch="true" condition-coverage="0% (0/2)"/>
            <line number="41" hits="0" branch="false"/>
            <line number="44" hits="0" branch="false"/>
            <line number="47" hits="0" branch="false"/>
            <line number="53" hits="0" branch="false"/>
            <line number="56" hits="0" branch="false"/>
            <line number="59" hits="0" branch="true" condition-coverage="0% (0/2)"/>
            <line number="60" hits="0" branch="false"/>
            <line number="63" hits="0" branch="false"/>
            <line number="66" hits="0" branch="false"/>
            <line number="69" hits="3" branch="false"/>
            <line number="70" hits="0" branch="false"/>
            <line number="73" hits="3" branch="false"/>
            <line number="74" hits="3" branch="true" condition-coverage="50% (1/2)"/>
            <line number="75" hits="0" branch="false"/>
            <line number="79" hits="0" branch="false"/>
            <line number="82" hits="3" branch="true" condition-coverage="50% (1/2)"/>
            <line number="83" hits="3" branch="false"/>
            <line number="87" hits="3" branch="false"/>
            <line number="90" hits="0" branch="true" condition-coverage="0% (0/2)"/>
            <line number="91" hits="0" branch="false"/>
            <line number="94" hits="0" branch="false"/>
            <line number="96" hits="0" branch="false"/>
          </lines>
        </class>
        <class name="rate-limit.ts" filename="src/shared/middleware/rate-limit.ts" line-rate="1" branch-rate="1">
          <methods>
          </methods>
          <lines>
            <line number="1" hits="3" branch="false"/>
            <line number="3" hits="3" branch="false"/>
          </lines>
        </class>
        <class name="validate.ts" filename="src/shared/middleware/validate.ts" line-rate="0.7777" branch-rate="0.5">
          <methods>
            <method name="validateBody" hits="15" signature="()V">
              <lines>
                <line number="5" hits="15"/>
              </lines>
            </method>
            <method name="(anonymous_1)" hits="2" signature="()V">
              <lines>
                <line number="6" hits="2"/>
              </lines>
            </method>
          </methods>
          <lines>
            <line number="3" hits="3" branch="false"/>
            <line number="5" hits="3" branch="false"/>
            <line number="6" hits="15" branch="false"/>
            <line number="7" hits="2" branch="false"/>
            <line number="9" hits="2" branch="true" condition-coverage="50% (1/2)"/>
            <line number="10" hits="0" branch="false"/>
            <line number="11" hits="0" branch="false"/>
            <line number="14" hits="2" branch="false"/>
            <line number="15" hits="2" branch="false"/>
          </lines>
        </class>
      </classes>
    </package>
    <package name="src.shared.security" line-rate="0.8887999999999999" branch-rate="0.5">
      <classes>
        <class name="jwt.ts" filename="src/shared/security/jwt.ts" line-rate="0.8887999999999999" branch-rate="0.5">
          <methods>
            <method name="signAuthToken" hits="3" signature="()V">
              <lines>
                <line number="11" hits="3"/>
              </lines>
            </method>
            <method name="verifyAuthToken" hits="2" signature="()V">
              <lines>
                <line number="21" hits="2"/>
              </lines>
            </method>
          </methods>
          <lines>
            <line number="1" hits="4" branch="false"/>
            <line number="2" hits="4" branch="false"/>
            <line number="11" hits="4" branch="false"/>
            <line number="12" hits="3" branch="false"/>
            <line number="21" hits="4" branch="false"/>
            <line number="22" hits="2" branch="false"/>
            <line number="27" hits="2" branch="true" condition-coverage="50% (1/2)"/>
            <line number="28" hits="0" branch="false"/>
            <line number="31" hits="2" branch="false"/>
          </lines>
        </class>
      </classes>
    </package>
  </packages>
</coverage>
