{"/media/robel/53e1aedc-bbb8-444c-ac36-5f9472e1cb341/projets/projet-IAC/backend_moustass/src/app.ts": {"path":"/media/robel/53e1aedc-bbb8-444c-ac36-5f9472e1cb341/projets/projet-IAC/backend_moustass/src/app.ts","statementMap":{"0":{"start":{"line":1,"column":0},"end":{"line":1,"column":24}},"1":{"start":{"line":2,"column":0},"end":{"line":2,"column":30}},"2":{"start":{"line":3,"column":0},"end":{"line":3,"column":28}},"3":{"start":{"line":4,"column":0},"end":{"line":4,"column":35}},"4":{"start":{"line":6,"column":0},"end":{"line":6,"column":52}},"5":{"start":{"line":8,"column":0},"end":{"line":8,"column":61}},"6":{"start":{"line":9,"column":0},"end":{"line":9,"column":52}},"7":{"start":{"line":10,"column":0},"end":{"line":10,"column":55}},"8":{"start":{"line":12,"column":0},"end":{"line":12,"column":64}},"9":{"start":{"line":13,"column":0},"end":{"line":13,"column":82}},"10":{"start":{"line":14,"column":0},"end":{"line":14,"column":77}},"11":{"start":{"line":16,"column":13},"end":{"line":16,"column":29}},"12":{"start":{"line":18,"column":0},"end":{"line":18,"column":28}},"13":{"start":{"line":19,"column":0},"end":{"line":19,"column":18}},"14":{"start":{"line":20,"column":0},"end":{"line":20,"column":16}},"15":{"start":{"line":21,"column":0},"end":{"line":21,"column":40}},"16":{"start":{"line":22,"column":0},"end":{"line":22,"column":48}},"17":{"start":{"line":25,"column":0},"end":{"line":25,"column":24}},"18":{"start":{"line":28,"column":0},"end":{"line":28,"column":62}},"19":{"start":{"line":28,"column":34},"end":{"line":28,"column":60}},"20":{"start":{"line":29,"column":0},"end":{"line":34,"column":3}},"21":{"start":{"line":30,"column":2},"end":{"line":33,"column":5}},"22":{"start":{"line":37,"column":23},"end":{"line":39,"column":45}},"23":{"start":{"line":39,"column":22},"end":{"line":39,"column":44}},"24":{"start":{"line":42,"column":0},"end":{"line":44,"column":1}},"25":{"start":{"line":43,"column":2},"end":{"line":43,"column":31}},"26":{"start":{"line":47,"column":0},"end":{"line":49,"column":1}},"27":{"start":{"line":48,"column":2},"end":{"line":48,"column":68}},"28":{"start":{"line":52,"column":0},"end":{"line":54,"column":1}},"29":{"start":{"line":53,"column":2},"end":{"line":53,"column":50}},"30":{"start":{"line":57,"column":0},"end":{"line":59,"column":1}},"31":{"start":{"line":58,"column":2},"end":{"line":58,"column":73}},"32":{"start":{"line":62,"column":0},"end":{"line":62,"column":25}},"33":{"start":{"line":63,"column":0},"end":{"line":63,"column":22}}},"fnMap":{"0":{"name":"(anonymous_1)","decl":{"start":{"line":28,"column":19},"end":{"line":28,"column":20}},"loc":{"start":{"line":28,"column":34},"end":{"line":28,"column":60}}},"1":{"name":"(anonymous_2)","decl":{"start":{"line":29,"column":17},"end":{"line":29,"column":18}},"loc":{"start":{"line":29,"column":31},"end":{"line":34,"column":1}}},"2":{"name":"(anonymous_3)","decl":{"start":{"line":39,"column":7},"end":{"line":39,"column":8}},"loc":{"start":{"line":39,"column":22},"end":{"line":39,"column":44}}}},"branchMap":{"0":{"loc":{"start":{"line":37,"column":24},"end":{"line":37,"column":72}},"type":"binary-expr","locations":[{"start":{"line":37,"column":24},"end":{"line":37,"column":43}},{"start":{"line":37,"column":47},"end":{"line":37,"column":72}}]},"1":{"loc":{"start":{"line":42,"column":0},"end":{"line":44,"column":1}},"type":"if","locations":[{"start":{"line":42,"column":0},"end":{"line":44,"column":1}},{"start":{},"end":{}}]},"2":{"loc":{"start":{"line":47,"column":0},"end":{"line":49,"column":1}},"type":"if","locations":[{"start":{"line":47,"column":0},"end":{"line":49,"column":1}},{"start":{},"end":{}}]},"3":{"loc":{"start":{"line":52,"column":0},"end":{"line":54,"column":1}},"type":"if","locations":[{"start":{"line":52,"column":0},"end":{"line":54,"column":1}},{"start":{},"end":{}}]},"4":{"loc":{"start":{"line":52,"column":4},"end":{"line":52,"column":75}},"type":"binary-expr","locations":[{"start":{"line":52,"column":4},"end":{"line":52,"column":36}},{"start":{"line":52,"column":40},"end":{"line":52,"column":75}}]},"5":{"loc":{"start":{"line":57,"column":0},"end":{"line":59,"column":1}},"type":"if","locations":[{"start":{"line":57,"column":0},"end":{"line":59,"column":1}},{"start":{},"end":{}}]}},"s":{"0":2,"1":2,"2":2,"3":2,"4":2,"5":2,"6":2,"7":2,"8":2,"9":2,"10":2,"11":2,"12":2,"13":2,"14":2,"15":2,"16":2,"17":2,"18":2,"19":1,"20":2,"21":0,"22":2,"23":2,"24":2,"25":2,"26":2,"27":0,"28":2,"29":0,"30":2,"31":0,"32":2,"33":2},"f":{"0":1,"1":0,"2":2},"b":{"0":[2,0],"1":[2,0],"2":[0,2],"3":[0,2],"4":[2,2],"5":[0,2]}}
,"/media/robel/53e1aedc-bbb8-444c-ac36-5f9472e1cb341/projets/projet-IAC/backend_moustass/src/config/env.ts": {"path":"/media/robel/53e1aedc-bbb8-444c-ac36-5f9472e1cb341/projets/projet-IAC/backend_moustass/src/config/env.ts","statementMap":{"0":{"start":{"line":1,"column":0},"end":{"line":1,"column":28}},"1":{"start":{"line":2,"column":0},"end":{"line":2,"column":24}},"2":{"start":{"line":4,"column":0},"end":{"line":4,"column":16}},"3":{"start":{"line":7,"column":0},"end":{"line":7,"column":57}},"4":{"start":{"line":9,"column":18},"end":{"line":45,"column":2}},"5":{"start":{"line":47,"column":13},"end":{"line":47,"column":48}}},"fnMap":{},"branchMap":{},"s":{"0":3,"1":3,"2":3,"3":3,"4":3,"5":3},"f":{},"b":{}}
,"/media/robel/53e1aedc-bbb8-444c-ac36-5f9472e1cb341/projets/projet-IAC/backend_moustass/src/infrastructure/prisma.ts": {"path":"/media/robel/53e1aedc-bbb8-444c-ac36-5f9472e1cb341/projets/projet-IAC/backend_moustass/src/infrastructure/prisma.ts","statementMap":{"0":{"start":{"line":1,"column":0},"end":{"line":1,"column":46}},"1":{"start":{"line":2,"column":0},"end":{"line":2,"column":56}},"2":{"start":{"line":4,"column":0},"end":{"line":4,"column":36}},"3":{"start":{"line":6,"column":16},"end":{"line":6,"column":51}},"4":{"start":{"line":8,"column":13},"end":{"line":8,"column":52}}},"fnMap":{},"branchMap":{},"s":{"0":3,"1":3,"2":3,"3":3,"4":3},"f":{},"b":{}}
,"/media/robel/53e1aedc-bbb8-444c-ac36-5f9472e1cb341/projets/projet-IAC/backend_moustass/src/modules/auth/auth.controller.ts": {"path":"/media/robel/53e1aedc-bbb8-444c-ac36-5f9472e1cb341/projets/projet-IAC/backend_moustass/src/modules/auth/auth.controller.ts","statementMap":{"0":{"start":{"line":2,"column":0},"end":{"line":2,"column":58}},"1":{"start":{"line":3,"column":0},"end":{"line":3,"column":46}},"2":{"start":{"line":5,"column":13},"end":{"line":8,"column":3}},"3":{"start":{"line":6,"column":17},"end":{"line":6,"column":54}},"4":{"start":{"line":7,"column":2},"end":{"line":7,"column":24}},"5":{"start":{"line":10,"column":13},"end":{"line":18,"column":3}},"6":{"start":{"line":12,"column":2},"end":{"line":14,"column":3}},"7":{"start":{"line":13,"column":4},"end":{"line":13,"column":47}},"8":{"start":{"line":16,"column":15},"end":{"line":16,"column":56}},"9":{"start":{"line":17,"column":2},"end":{"line":17,"column":26}}},"fnMap":{"0":{"name":"(anonymous_9)","decl":{"start":{"line":5,"column":34},"end":{"line":5,"column":39}},"loc":{"start":{"line":5,"column":81},"end":{"line":8,"column":1}}},"1":{"name":"(anonymous_10)","decl":{"start":{"line":10,"column":31},"end":{"line":10,"column":36}},"loc":{"start":{"line":10,"column":78},"end":{"line":18,"column":1}}}},"branchMap":{"0":{"loc":{"start":{"line":12,"column":2},"end":{"line":14,"column":3}},"type":"if","locations":[{"start":{"line":12,"column":2},"end":{"line":14,"column":3}},{"start":{},"end":{}}]}},"s":{"0":2,"1":2,"2":2,"3":2,"4":1,"5":2,"6":1,"7":0,"8":1,"9":1},"f":{"0":2,"1":1},"b":{"0":[0,1]}}
,"/media/robel/53e1aedc-bbb8-444c-ac36-5f9472e1cb341/projets/projet-IAC/backend_moustass/src/modules/auth/auth.service.ts": {"path":"/media/robel/53e1aedc-bbb8-444c-ac36-5f9472e1cb341/projets/projet-IAC/backend_moustass/src/modules/auth/auth.service.ts","statementMap":{"0":{"start":{"line":9,"column":0},"end":{"line":9,"column":7}},"1":{"start":{"line":37,"column":0},"end":{"line":37,"column":7}},"2":{"start":{"line":1,"column":0},"end":{"line":1,"column":30}},"3":{"start":{"line":3,"column":0},"end":{"line":3,"column":39}},"4":{"start":{"line":4,"column":0},"end":{"line":4,"column":53}},"5":{"start":{"line":5,"column":0},"end":{"line":5,"column":56}},"6":{"start":{"line":6,"column":0},"end":{"line":6,"column":58}},"7":{"start":{"line":7,"column":0},"end":{"line":7,"column":52}},"8":{"start":{"line":10,"column":15},"end":{"line":12,"column":4}},"9":{"start":{"line":14,"column":2},"end":{"line":17,"column":3}},"10":{"start":{"line":16,"column":4},"end":{"line":16,"column":49}},"11":{"start":{"line":19,"column":26},"end":{"line":19,"column":81}},"12":{"start":{"line":20,"column":2},"end":{"line":22,"column":3}},"13":{"start":{"line":21,"column":4},"end":{"line":21,"column":49}},"14":{"start":{"line":24,"column":16},"end":{"line":29,"column":4}},"15":{"start":{"line":31,"column":2},"end":{"line":34,"column":4}},"16":{"start":{"line":38,"column":15},"end":{"line":41,"column":4}},"17":{"start":{"line":43,"column":2},"end":{"line":45,"column":3}},"18":{"start":{"line":44,"column":4},"end":{"line":44,"column":50}},"19":{"start":{"line":47,"column":2},"end":{"line":47,"column":28}}},"fnMap":{"0":{"name":"login","decl":{"start":{"line":9,"column":22},"end":{"line":9,"column":27}},"loc":{"start":{"line":9,"column":70},"end":{"line":35,"column":1}}},"1":{"name":"me","decl":{"start":{"line":37,"column":22},"end":{"line":37,"column":24}},"loc":{"start":{"line":37,"column":39},"end":{"line":48,"column":1}}}},"branchMap":{"0":{"loc":{"start":{"line":14,"column":2},"end":{"line":17,"column":3}},"type":"if","locations":[{"start":{"line":14,"column":2},"end":{"line":17,"column":3}},{"start":{},"end":{}}]},"1":{"loc":{"start":{"line":20,"column":2},"end":{"line":22,"column":3}},"type":"if","locations":[{"start":{"line":20,"column":2},"end":{"line":22,"column":3}},{"start":{},"end":{}}]},"2":{"loc":{"start":{"line":43,"column":2},"end":{"line":45,"column":3}},"type":"if","locations":[{"start":{"line":43,"column":2},"end":{"line":45,"column":3}},{"start":{},"end":{}}]}},"s":{"0":2,"1":2,"2":2,"3":2,"4":2,"5":2,"6":2,"7":2,"8":3,"9":3,"10":1,"11":2,"12":2,"13":1,"14":1,"15":1,"16":0,"17":0,"18":0,"19":0},"f":{"0":3,"1":0},"b":{"0":[1,2],"1":[1,1],"2":[0,0]}}
,"/media/robel/53e1aedc-bbb8-444c-ac36-5f9472e1cb341/projets/projet-IAC/backend_moustass/src/modules/video/video.service.ts": {"path":"/media/robel/53e1aedc-bbb8-444c-ac36-5f9472e1cb341/projets/projet-IAC/backend_moustass/src/modules/video/video.service.ts","statementMap":{"0":{"start":{"line":23,"column":0},"end":{"line":23,"column":7}},"1":{"start":{"line":86,"column":0},"end":{"line":86,"column":7}},"2":{"start":{"line":108,"column":0},"end":{"line":108,"column":7}},"3":{"start":{"line":138,"column":0},"end":{"line":138,"column":16}},"4":{"start":{"line":1,"column":0},"end":{"line":1,"column":41}},"5":{"start":{"line":2,"column":0},"end":{"line":2,"column":43}},"6":{"start":{"line":3,"column":0},"end":{"line":3,"column":60}},"7":{"start":{"line":4,"column":0},"end":{"line":4,"column":29}},"8":{"start":{"line":7,"column":0},"end":{"line":7,"column":39}},"9":{"start":{"line":8,"column":0},"end":{"line":8,"column":53}},"10":{"start":{"line":9,"column":0},"end":{"line":9,"column":75}},"11":{"start":{"line":10,"column":0},"end":{"line":10,"column":53}},"12":{"start":{"line":11,"column":0},"end":{"line":11,"column":124}},"13":{"start":{"line":12,"column":0},"end":{"line":12,"column":62}},"14":{"start":{"line":16,"column":2},"end":{"line":16,"column":53}},"15":{"start":{"line":20,"column":2},"end":{"line":20,"column":54}},"16":{"start":{"line":29,"column":2},"end":{"line":31,"column":3}},"17":{"start":{"line":30,"column":4},"end":{"line":30,"column":47}},"18":{"start":{"line":33,"column":22},"end":{"line":33,"column":38}},"19":{"start":{"line":34,"column":2},"end":{"line":34,"column":48}},"20":{"start":{"line":36,"column":20},"end":{"line":36,"column":32}},"21":{"start":{"line":37,"column":23},"end":{"line":37,"column":64}},"22":{"start":{"line":38,"column":22},"end":{"line":38,"column":76}},"23":{"start":{"line":40,"column":22},"end":{"line":40,"column":47}},"24":{"start":{"line":42,"column":19},"end":{"line":53,"column":4}},"25":{"start":{"line":55,"column":25},"end":{"line":55,"column":47}},"26":{"start":{"line":57,"column":2},"end":{"line":57,"column":50}},"27":{"start":{"line":59,"column":18},"end":{"line":72,"column":4}},"28":{"start":{"line":74,"column":2},"end":{"line":80,"column":5}},"29":{"start":{"line":82,"column":2},"end":{"line":82,"column":17}},"30":{"start":{"line":87,"column":18},"end":{"line":87,"column":42}},"31":{"start":{"line":89,"column":2},"end":{"line":91,"column":3}},"32":{"start":{"line":90,"column":4},"end":{"line":90,"column":42}},"33":{"start":{"line":94,"column":2},"end":{"line":96,"column":3}},"34":{"start":{"line":95,"column":4},"end":{"line":95,"column":36}},"35":{"start":{"line":98,"column":19},"end":{"line":98,"column":69}},"36":{"start":{"line":99,"column":27},"end":{"line":99,"column":75}},"37":{"start":{"line":101,"column":2},"end":{"line":103,"column":3}},"38":{"start":{"line":102,"column":4},"end":{"line":102,"column":59}},"39":{"start":{"line":105,"column":2},"end":{"line":105,"column":17}},"40":{"start":{"line":109,"column":18},"end":{"line":109,"column":42}},"41":{"start":{"line":111,"column":2},"end":{"line":113,"column":3}},"42":{"start":{"line":112,"column":4},"end":{"line":112,"column":42}},"43":{"start":{"line":116,"column":2},"end":{"line":118,"column":3}},"44":{"start":{"line":117,"column":4},"end":{"line":117,"column":36}},"45":{"start":{"line":121,"column":2},"end":{"line":121,"column":59}},"46":{"start":{"line":121,"column":48},"end":{"line":121,"column":57}},"47":{"start":{"line":123,"column":2},"end":{"line":126,"column":5}},"48":{"start":{"line":128,"column":2},"end":{"line":133,"column":5}},"49":{"start":{"line":135,"column":2},"end":{"line":135,"column":27}},"50":{"start":{"line":139,"column":2},"end":{"line":139,"column":39}}},"fnMap":{"0":{"name":"getStorageRoot","decl":{"start":{"line":15,"column":9},"end":{"line":15,"column":23}},"loc":{"start":{"line":15,"column":23},"end":{"line":17,"column":1}}},"1":{"name":"sanitizeFileName","decl":{"start":{"line":19,"column":9},"end":{"line":19,"column":25}},"loc":{"start":{"line":19,"column":42},"end":{"line":21,"column":1}}},"2":{"name":"uploadMessage","decl":{"start":{"line":23,"column":22},"end":{"line":23,"column":35}},"loc":{"start":{"line":28,"column":1},"end":{"line":83,"column":1}}},"3":{"name":"openMessageStream","decl":{"start":{"line":86,"column":22},"end":{"line":86,"column":39}},"loc":{"start":{"line":86,"column":68},"end":{"line":106,"column":1}}},"4":{"name":"removeMessage","decl":{"start":{"line":108,"column":22},"end":{"line":108,"column":35}},"loc":{"start":{"line":108,"column":64},"end":{"line":136,"column":1}}},"5":{"name":"(anonymous_6)","decl":{"start":{"line":121,"column":42},"end":{"line":121,"column":45}},"loc":{"start":{"line":121,"column":48},"end":{"line":121,"column":57}}},"6":{"name":"createMessageReadStream","decl":{"start":{"line":138,"column":16},"end":{"line":138,"column":39}},"loc":{"start":{"line":138,"column":59},"end":{"line":140,"column":1}}}},"branchMap":{"0":{"loc":{"start":{"line":29,"column":2},"end":{"line":31,"column":3}},"type":"if","locations":[{"start":{"line":29,"column":2},"end":{"line":31,"column":3}},{"start":{},"end":{}}]},"1":{"loc":{"start":{"line":47,"column":17},"end":{"line":47,"column":42}},"type":"binary-expr","locations":[{"start":{"line":47,"column":17},"end":{"line":47,"column":34}},{"start":{"line":47,"column":38},"end":{"line":47,"column":42}}]},"2":{"loc":{"start":{"line":89,"column":2},"end":{"line":91,"column":3}},"type":"if","locations":[{"start":{"line":89,"column":2},"end":{"line":91,"column":3}},{"start":{},"end":{}}]},"3":{"loc":{"start":{"line":89,"column":6},"end":{"line":89,"column":35}},"type":"binary-expr","locations":[{"start":{"line":89,"column":6},"end":{"line":89,"column":14}},{"start":{"line":89,"column":18},"end":{"line":89,"column":35}}]},"4":{"loc":{"start":{"line":94,"column":2},"end":{"line":96,"column":3}},"type":"if","locations":[{"start":{"line":94,"column":2},"end":{"line":96,"column":3}},{"start":{},"end":{}}]},"5":{"loc":{"start":{"line":94,"column":6},"end":{"line":94,"column":64}},"type":"binary-expr","locations":[{"start":{"line":94,"column":6},"end":{"line":94,"column":38}},{"start":{"line":94,"column":42},"end":{"line":94,"column":64}}]},"6":{"loc":{"start":{"line":101,"column":2},"end":{"line":103,"column":3}},"type":"if","locations":[{"start":{"line":101,"column":2},"end":{"line":103,"column":3}},{"start":{},"end":{}}]},"7":{"loc":{"start":{"line":111,"column":2},"end":{"line":113,"column":3}},"type":"if","locations":[{"start":{"line":111,"column":2},"end":{"line":113,"column":3}},{"start":{},"end":{}}]},"8":{"loc":{"start":{"line":111,"column":6},"end":{"line":111,"column":35}},"type":"binary-expr","locations":[{"start":{"line":111,"column":6},"end":{"line":111,"column":14}},{"start":{"line":111,"column":18},"end":{"line":111,"column":35}}]},"9":{"loc":{"start":{"line":116,"column":2},"end":{"line":118,"column":3}},"type":"if","locations":[{"start":{"line":116,"column":2},"end":{"line":118,"column":3}},{"start":{},"end":{}}]},"10":{"loc":{"start":{"line":116,"column":6},"end":{"line":116,"column":64}},"type":"binary-expr","locations":[{"start":{"line":116,"column":6},"end":{"line":116,"column":38}},{"start":{"line":116,"column":42},"end":{"line":116,"column":64}}]}},"s":{"0":2,"1":2,"2":2,"3":2,"4":2,"5":2,"6":2,"7":2,"8":2,"9":2,"10":2,"11":2,"12":2,"13":2,"14":0,"15":0,"16":0,"17":0,"18":0,"19":0,"20":0,"21":0,"22":0,"23":0,"24":0,"25":0,"26":0,"27":0,"28":0,"29":0,"30":0,"31":0,"32":0,"33":0,"34":0,"35":0,"36":0,"37":0,"38":0,"39":0,"40":0,"41":0,"42":0,"43":0,"44":0,"45":0,"46":0,"47":0,"48":0,"49":0,"50":0},"f":{"0":0,"1":0,"2":0,"3":0,"4":0,"5":0,"6":0},"b":{"0":[0,0],"1":[0,0],"2":[0,0],"3":[0,0],"4":[0,0],"5":[0,0],"6":[0,0],"7":[0,0],"8":[0,0],"9":[0,0],"10":[0,0]}}
,"/media/robel/53e1aedc-bbb8-444c-ac36-5f9472e1cb341/projets/projet-IAC/backend_moustass/src/shared/http-errors.ts": {"path":"/media/robel/53e1aedc-bbb8-444c-ac36-5f9472e1cb341/projets/projet-IAC/backend_moustass/src/shared/http-errors.ts","statementMap":{"0":{"start":{"line":13,"column":0},"end":{"line":13,"column":16}},"1":{"start":{"line":17,"column":0},"end":{"line":17,"column":16}},"2":{"start":{"line":21,"column":0},"end":{"line":21,"column":16}},"3":{"start":{"line":25,"column":0},"end":{"line":25,"column":16}},"4":{"start":{"line":6,"column":4},"end":{"line":6,"column":19}},"5":{"start":{"line":7,"column":4},"end":{"line":7,"column":28}},"6":{"start":{"line":8,"column":4},"end":{"line":8,"column":33}},"7":{"start":{"line":9,"column":4},"end":{"line":9,"column":27}},"8":{"start":{"line":1,"column":0},"end":{"line":1,"column":13}},"9":{"start":{"line":14,"column":2},"end":{"line":14,"column":46}},"10":{"start":{"line":18,"column":2},"end":{"line":18,"column":37}},"11":{"start":{"line":22,"column":2},"end":{"line":22,"column":37}},"12":{"start":{"line":26,"column":2},"end":{"line":26,"column":37}}},"fnMap":{"0":{"name":"(anonymous_0)","decl":{"start":{"line":5,"column":2},"end":{"line":5,"column":14}},"loc":{"start":{"line":5,"column":68},"end":{"line":10,"column":3}}},"1":{"name":"badRequest","decl":{"start":{"line":13,"column":16},"end":{"line":13,"column":26}},"loc":{"start":{"line":13,"column":61},"end":{"line":15,"column":1}}},"2":{"name":"unauthorized","decl":{"start":{"line":17,"column":16},"end":{"line":17,"column":28}},"loc":{"start":{"line":17,"column":53},"end":{"line":19,"column":1}}},"3":{"name":"forbidden","decl":{"start":{"line":21,"column":16},"end":{"line":21,"column":25}},"loc":{"start":{"line":21,"column":47},"end":{"line":23,"column":1}}},"4":{"name":"notFound","decl":{"start":{"line":25,"column":16},"end":{"line":25,"column":24}},"loc":{"start":{"line":25,"column":46},"end":{"line":27,"column":1}}}},"branchMap":{"0":{"loc":{"start":{"line":17,"column":29},"end":{"line":17,"column":53}},"type":"default-arg","locations":[{"start":{"line":17,"column":39},"end":{"line":17,"column":53}}]},"1":{"loc":{"start":{"line":21,"column":26},"end":{"line":21,"column":47}},"type":"default-arg","locations":[{"start":{"line":21,"column":36},"end":{"line":21,"column":47}}]},"2":{"loc":{"start":{"line":25,"column":25},"end":{"line":25,"column":46}},"type":"default-arg","locations":[{"start":{"line":25,"column":35},"end":{"line":25,"column":46}}]}},"s":{"0":3,"1":3,"2":3,"3":3,"4":6,"5":6,"6":6,"7":6,"8":3,"9":0,"10":6,"11":0,"12":0},"f":{"0":6,"1":0,"2":6,"3":0,"4":0},"b":{"0":[0],"1":[0],"2":[0]}}
,"/media/robel/53e1aedc-bbb8-444c-ac36-5f9472e1cb341/projets/projet-IAC/backend_moustass/src/shared/security/jwt.ts": {"path":"/media/robel/53e1aedc-bbb8-444c-ac36-5f9472e1cb341/projets/projet-IAC/backend_moustass/src/shared/security/jwt.ts","statementMap":{"0":{"start":{"line":11,"column":0},"end":{"line":11,"column":16}},"1":{"start":{"line":21,"column":0},"end":{"line":21,"column":16}},"2":{"start":{"line":1,"column":0},"end":{"line":1,"column":31}},"3":{"start":{"line":2,"column":0},"end":{"line":2,"column":39}},"4":{"start":{"line":12,"column":2},"end":{"line":18,"column":5}},"5":{"start":{"line":22,"column":18},"end":{"line":25,"column":4}},"6":{"start":{"line":27,"column":2},"end":{"line":29,"column":3}},"7":{"start":{"line":28,"column":4},"end":{"line":28,"column":49}},"8":{"start":{"line":31,"column":2},"end":{"line":36,"column":4}}},"fnMap":{"0":{"name":"signAuthToken","decl":{"start":{"line":11,"column":16},"end":{"line":11,"column":29}},"loc":{"start":{"line":11,"column":47},"end":{"line":19,"column":1}}},"1":{"name":"verifyAuthToken","decl":{"start":{"line":21,"column":16},"end":{"line":21,"column":31}},"loc":{"start":{"line":21,"column":45},"end":{"line":37,"column":1}}}},"branchMap":{"0":{"loc":{"start":{"line":27,"column":2},"end":{"line":29,"column":3}},"type":"if","locations":[{"start":{"line":27,"column":2},"end":{"line":29,"column":3}},{"start":{},"end":{}}]}},"s":{"0":3,"1":3,"2":3,"3":3,"4":3,"5":2,"6":2,"7":0,"8":2},"f":{"0":3,"1":2},"b":{"0":[0,2]}}
}
