TN:
SF:src/config/env.ts
FNF:0
FNH:0
DA:1,9
DA:2,9
DA:4,9
DA:7,9
DA:9,9
DA:47,9
LF:6
LH:6
BRF:0
BRH:0
end_of_record
TN:
SF:src/infrastructure/prisma.ts
FNF:0
FNH:0
DA:1,8
DA:2,8
DA:4,8
DA:6,8
DA:8,8
LF:5
LH:5
BRF:0
BRH:0
end_of_record
TN:
SF:src/modules/audit/audit.service.ts
FN:16,recordAudit
FN:31,listAudits
FN:43,getAuditById
FNF:3
FNH:3
FNDA:1,recordAudit
FNDA:1,listAudits
FNDA:1,getAuditById
DA:1,2
DA:16,2
DA:17,1
DA:31,2
DA:32,1
DA:43,2
DA:44,1
LF:7
LH:7
BRDA:31,0,0,0
BRF:1
BRH:0
end_of_record
TN:
SF:src/modules/auth/auth.service.ts
FN:9,login
FN:37,me
FNF:2
FNH:2
FNDA:3,login
FNDA:2,me
DA:1,1
DA:3,1
DA:4,1
DA:5,1
DA:6,1
DA:7,1
DA:9,1
DA:10,3
DA:14,3
DA:16,1
DA:19,2
DA:20,2
DA:21,1
DA:24,1
DA:31,1
DA:37,1
DA:38,2
DA:43,2
DA:44,1
DA:47,1
LF:20
LH:20
BRDA:14,0,0,1
BRDA:14,0,1,2
BRDA:20,1,0,1
BRDA:20,1,1,1
BRDA:43,2,0,1
BRDA:43,2,1,1
BRF:6
BRH:6
end_of_record
TN:
SF:src/modules/crypto/crypto.schemas.ts
FNF:0
FNH:0
DA:1,1
DA:3,1
DA:16,1
LF:3
LH:3
BRF:0
BRH:0
end_of_record
TN:
SF:src/modules/crypto/crypto.service.ts
FN:23,sha256
FN:29,buildMessageManifest
FN:41,loadKeys
FN:65,getPrivateKey
FN:70,getPublicKey
FN:77,signManifest
FN:79,(anonymous_6)
FN:94,verifyManifest
FN:97,(anonymous_8)
FNF:9
FNH:9
FNDA:1,sha256
FNDA:3,buildMessageManifest
FNDA:5,loadKeys
FNDA:2,getPrivateKey
FNDA:3,getPublicKey
FNDA:2,signManifest
FNDA:56,(anonymous_6)
FNDA:3,verifyManifest
FNDA:84,(anonymous_8)
DA:1,2
DA:2,2
DA:23,2
DA:24,1
DA:29,2
DA:30,3
DA:38,2
DA:39,2
DA:42,5
DA:44,1
DA:45,0
DA:46,0
DA:53,0
DA:54,0
DA:55,0
DA:58,0
DA:61,1
DA:62,1
DA:66,2
DA:67,2
DA:71,3
DA:72,3
DA:77,2
DA:78,2
DA:79,56
DA:81,2
DA:91,2
DA:94,2
DA:95,3
DA:96,3
DA:97,84
DA:98,3
DA:100,3
DA:111,0
DA:112,0
LF:35
LH:27
BRDA:42,0,0,4
BRDA:42,0,1,1
BRDA:42,1,0,5
BRDA:42,1,1,4
BRDA:44,2,0,0
BRDA:44,2,1,1
BRDA:44,3,0,1
BRDA:44,3,1,1
BRDA:45,4,0,0
BRDA:45,4,1,0
BRF:10
BRH:7
end_of_record
TN:
SF:src/modules/license/license.service.ts
FN:5,listLicenses
FN:11,createLicense
FN:37,updateLicense
FN:81,deleteLicense
FNF:4
FNH:4
FNDA:1,listLicenses
FNDA:1,createLicense
FNDA:3,updateLicense
FNDA:2,deleteLicense
DA:2,1
DA:3,1
DA:5,1
DA:6,1
DA:11,1
DA:22,1
DA:37,1
DA:51,3
DA:52,3
DA:53,1
DA:57,2
DA:58,1
DA:59,1
DA:60,0
DA:62,1
DA:65,2
DA:81,1
DA:82,2
DA:83,2
DA:84,1
DA:87,1
DA:88,1
LF:22
LH:21
BRDA:26,0,0,1
BRDA:26,0,1,1
BRDA:27,1,0,1
BRDA:27,1,1,1
BRDA:28,2,0,1
BRDA:28,2,1,1
BRDA:32,3,0,0
BRDA:32,3,1,1
BRDA:52,4,0,1
BRDA:52,4,1,2
BRDA:57,5,0,1
BRDA:57,5,1,1
BRDA:59,6,0,0
BRDA:59,6,1,1
BRDA:70,7,0,1
BRDA:70,7,1,1
BRDA:71,8,0,1
BRDA:71,8,1,1
BRDA:72,9,0,1
BRDA:72,9,1,1
BRDA:83,10,0,1
BRDA:83,10,1,1
BRF:22
BRH:20
end_of_record
TN:
SF:src/modules/metadata/metadata.service.ts
FN:3,getMessageById
FN:9,getMessageByIdForActor
FN:23,listMessagesForActor
FNF:3
FNH:3
FNDA:5,getMessageById
FNDA:4,getMessageByIdForActor
FNDA:2,listMessagesForActor
DA:1,1
DA:3,1
DA:4,5
DA:9,1
DA:10,4
DA:12,4
DA:13,1
DA:16,3
DA:17,2
DA:20,1
DA:23,1
DA:24,2
LF:12
LH:12
BRDA:9,0,0,0
BRDA:12,1,0,1
BRDA:12,1,1,3
BRDA:16,2,0,2
BRDA:16,2,1,1
BRDA:16,3,0,3
BRDA:16,3,1,2
BRDA:23,4,0,0
BRDA:25,5,0,1
BRDA:25,5,1,1
BRF:10
BRH:8
end_of_record
TN:
SF:src/modules/notification/notification.service.ts
FN:1,sendNotificationEmail
FNF:1
FNH:1
FNDA:1,sendNotificationEmail
DA:1,1
DA:2,1
LF:2
LH:2
BRF:0
BRH:0
end_of_record
TN:
SF:src/modules/user/user.service.ts
FN:6,toPublicUser
FN:24,listUsers
FN:32,createUser
FN:58,updateUser
FN:83,deleteUser
FNF:5
FNH:5
FNDA:7,toPublicUser
FNDA:1,listUsers
FNDA:2,createUser
FNDA:3,updateUser
FNDA:2,deleteUser
DA:1,2
DA:3,2
DA:4,2
DA:6,2
DA:14,7
DA:24,2
DA:25,1
DA:29,1
DA:32,2
DA:38,2
DA:40,2
DA:41,1
DA:44,1
DA:46,1
DA:55,1
DA:58,2
DA:59,3
DA:61,3
DA:62,1
DA:65,2
DA:67,2
DA:68,1
DA:71,2
DA:72,0
DA:75,2
DA:76,1
DA:79,2
DA:80,2
DA:83,2
DA:84,2
DA:86,2
DA:87,1
DA:90,1
DA:91,1
LF:34
LH:33
BRDA:17,0,0,7
BRDA:17,0,1,3
BRDA:40,1,0,1
BRDA:40,1,1,1
BRDA:61,2,0,1
BRDA:61,2,1,2
BRDA:67,3,0,1
BRDA:67,3,1,1
BRDA:71,4,0,0
BRDA:71,4,1,2
BRDA:75,5,0,1
BRDA:75,5,1,1
BRDA:86,6,0,1
BRDA:86,6,1,1
BRF:14
BRH:13
end_of_record
TN:
SF:src/modules/video/video.service.ts
FN:22,toParticipant
FN:35,toMessageListItem
FN:80,findAuthorizedMessage
FN:104,getStorageRoot
FN:108,sanitizeFileName
FN:112,uploadMessage
FN:199,(anonymous_7)
FN:202,listMessageRecipients
FN:218,(anonymous_9)
FN:221,listMessages
FN:270,(anonymous_11)
FN:278,getMessageDetails
FN:293,openMessageStream
FN:311,removeMessage
FN:318,(anonymous_15)
FN:335,createMessageReadStream
FNF:16
FNH:14
FNDA:7,toParticipant
FNDA:3,toMessageListItem
FNDA:4,findAuthorizedMessage
FNDA:3,getStorageRoot
FNDA:1,sanitizeFileName
FNDA:5,uploadMessage
FNDA:1,(anonymous_7)
FNDA:1,listMessageRecipients
FNDA:1,(anonymous_9)
FNDA:1,listMessages
FNDA:1,(anonymous_11)
FNDA:1,getMessageDetails
FNDA:2,openMessageStream
FNDA:1,removeMessage
FNDA:0,(anonymous_15)
FNDA:0,createMessageReadStream
DA:1,1
DA:2,1
DA:3,1
DA:4,1
DA:6,1
DA:7,1
DA:8,1
DA:9,1
DA:10,1
DA:23,7
DA:24,0
DA:27,7
DA:54,3
DA:81,4
DA:89,4
DA:90,1
DA:93,3
DA:94,3
DA:95,3
DA:97,3
DA:98,0
DA:101,3
DA:105,3
DA:109,1
DA:112,1
DA:119,5
DA:120,4
DA:121,1
DA:124,3
DA:125,3
DA:127,3
DA:131,3
DA:132,1
DA:135,2
DA:136,1
DA:139,1
DA:140,1
DA:141,1
DA:143,1
DA:145,1
DA:159,1
DA:161,1
DA:163,1
DA:179,1
DA:193,1
DA:199,1
DA:202,1
DA:203,1
DA:218,1
DA:221,1
DA:223,1
DA:233,1
DA:253,1
DA:255,1
DA:269,1
DA:270,1
DA:278,1
DA:279,1
DA:281,1
DA:282,1
DA:284,1
DA:293,1
DA:294,2
DA:296,1
DA:297,1
DA:298,1
DA:301,0
DA:308,0
DA:311,1
DA:312,1
DA:314,1
DA:315,1
DA:318,0
DA:320,0
DA:325,0
DA:332,0
DA:335,1
DA:336,0
LF:78
LH:69
BRDA:23,0,0,0
BRDA:23,0,1,7
BRDA:30,1,0,7
BRDA:30,1,1,1
BRDA:66,2,0,3
BRDA:66,2,1,0
BRDA:68,3,0,0
BRDA:68,3,1,0
BRDA:89,4,0,1
BRDA:89,4,1,3
BRDA:89,5,0,4
BRDA:89,5,1,3
BRDA:97,6,0,0
BRDA:97,6,1,3
BRDA:97,7,0,3
BRDA:97,7,1,1
BRDA:97,7,2,0
BRDA:119,8,0,1
BRDA:119,8,1,4
BRDA:120,9,0,1
BRDA:120,9,1,3
BRDA:131,10,0,1
BRDA:131,10,1,2
BRDA:135,11,0,1
BRDA:135,11,1,1
BRDA:151,12,0,1
BRDA:151,12,1,0
BRDA:223,13,0,0
BRDA:223,13,1,1
BRDA:225,14,0,0
BRDA:225,14,1,1
BRDA:227,15,0,0
BRDA:227,15,1,1
BRDA:236,16,0,1
BRDA:236,16,1,0
BRDA:249,17,0,0
BRDA:249,17,1,1
BRDA:250,18,0,0
BRDA:250,18,1,1
BRDA:289,19,0,1
BRDA:289,19,1,1
BRDA:297,20,0,1
BRDA:297,20,1,0
BRDA:314,21,0,1
BRDA:314,21,1,0
BRDA:314,22,0,1
BRDA:314,22,1,1
BRF:47
BRH:32
end_of_record
TN:
SF:src/shared/http-errors.ts
FN:5,(anonymous_0)
FN:13,badRequest
FN:17,unauthorized
FN:21,forbidden
FN:25,notFound
FNF:5
FNH:5
FNDA:30,(anonymous_0)
FNDA:10,badRequest
FNDA:6,unauthorized
FNDA:2,forbidden
FNDA:12,notFound
DA:1,4
DA:6,30
DA:7,30
DA:8,30
DA:9,30
DA:13,4
DA:14,10
DA:17,4
DA:18,6
DA:21,4
DA:22,2
DA:25,4
DA:26,12
LF:13
LH:13
BRDA:17,0,0,0
BRDA:21,1,0,0
BRDA:25,2,0,0
BRF:3
BRH:0
end_of_record
TN:
SF:src/shared/security/jwt.ts
FN:11,signAuthToken
FN:21,verifyAuthToken
FNF:2
FNH:2
FNDA:2,signAuthToken
FNDA:1,verifyAuthToken
DA:1,1
DA:2,1
DA:11,1
DA:12,2
DA:21,1
DA:22,1
DA:27,1
DA:28,0
DA:31,1
LF:9
LH:8
BRDA:27,0,0,0
BRDA:27,0,1,1
BRF:2
BRH:1
end_of_record
