TN:
SF:src/app.ts
FN:33,(anonymous_1)
FN:34,(anonymous_2)
FN:45,(anonymous_3)
FNF:3
FNH:2
FNDA:2,(anonymous_1)
FNDA:0,(anonymous_2)
FNDA:3,(anonymous_3)
DA:1,3
DA:2,3
DA:3,3
DA:4,3
DA:6,3
DA:8,3
DA:9,3
DA:10,3
DA:12,3
DA:13,3
DA:14,3
DA:16,3
DA:18,3
DA:19,3
DA:25,3
DA:26,3
DA:27,3
DA:30,3
DA:33,3
DA:34,3
DA:35,0
DA:42,3
DA:45,3
DA:49,3
DA:50,3
DA:54,3
DA:55,0
DA:59,3
DA:60,0
DA:64,3
DA:65,0
DA:69,3
DA:70,3
LF:33
LH:29
BRDA:22,0,0,0
BRDA:22,0,1,3
BRDA:43,1,0,3
BRDA:43,1,1,0
BRDA:49,2,0,3
BRDA:49,2,1,0
BRDA:54,3,0,0
BRDA:54,3,1,3
BRDA:59,4,0,0
BRDA:59,4,1,3
BRDA:59,5,0,3
BRDA:59,5,1,3
BRDA:64,6,0,0
BRDA:64,6,1,3
BRF:14
BRH:8
end_of_record
TN:
SF:src/config/env.ts
FNF:0
FNH:0
DA:1,14
DA:2,14
DA:4,14
DA:7,14
DA:9,14
DA:47,14
LF:6
LH:6
BRF:0
BRH:0
end_of_record
TN:
SF:src/infrastructure/prisma.ts
FNF:0
FNH:0
DA:1,13
DA:2,13
DA:4,13
DA:6,13
DA:8,13
LF:5
LH:5
BRF:0
BRH:0
end_of_record
TN:
SF:src/modules/audit/audit.service.ts
FN:16,recordAudit
FN:31,listAudits
FN:43,getAuditById
FNF:3
FNH:3
FNDA:1,recordAudit
FNDA:1,listAudits
FNDA:1,getAuditById
DA:1,6
DA:16,6
DA:17,1
DA:31,6
DA:32,1
DA:43,6
DA:44,1
LF:7
LH:7
BRDA:31,0,0,0
BRF:1
BRH:0
end_of_record
TN:
SF:src/modules/auth/auth.controller.ts
FN:5,(anonymous_9)
FN:10,(anonymous_10)
FNF:2
FNH:2
FNDA:2,(anonymous_9)
FNDA:1,(anonymous_10)
DA:2,3
DA:3,3
DA:5,3
DA:6,2
DA:7,1
DA:10,3
DA:12,1
DA:13,0
DA:16,1
DA:17,1
LF:10
LH:9
BRDA:12,0,0,0
BRDA:12,0,1,1
BRF:2
BRH:1
end_of_record
TN:
SF:src/modules/auth/auth.routes.ts
FNF:0
FNH:0
DA:1,3
DA:2,3
DA:3,3
DA:4,3
DA:5,3
DA:7,3
DA:9,3
DA:10,3
DA:12,3
LF:9
LH:9
BRF:0
BRH:0
end_of_record
TN:
SF:src/modules/auth/auth.schemas.ts
FNF:0
FNH:0
DA:1,3
DA:3,3
LF:2
LH:2
BRF:0
BRH:0
end_of_record
TN:
SF:src/modules/auth/auth.service.ts
FN:9,login
FN:37,me
FNF:2
FNH:1
FNDA:3,login
FNDA:0,me
DA:1,3
DA:3,3
DA:4,3
DA:5,3
DA:6,3
DA:7,3
DA:9,3
DA:10,3
DA:14,3
DA:16,1
DA:19,2
DA:20,2
DA:21,1
DA:24,1
DA:31,1
DA:37,3
DA:38,0
DA:43,0
DA:44,0
DA:47,0
LF:20
LH:16
BRDA:14,0,0,1
BRDA:14,0,1,2
BRDA:20,1,0,1
BRDA:20,1,1,1
BRDA:43,2,0,0
BRDA:43,2,1,0
BRF:6
BRH:4
end_of_record
TN:
SF:src/modules/crypto/crypto.schemas.ts
FNF:0
FNH:0
DA:1,1
DA:3,1
DA:16,1
LF:3
LH:3
BRF:0
BRH:0
end_of_record
TN:
SF:src/modules/crypto/crypto.service.ts
FN:23,sha256
FN:29,buildMessageManifest
FN:41,loadKeys
FN:65,getPrivateKey
FN:70,getPublicKey
FN:77,signManifest
FN:79,(anonymous_6)
FN:94,verifyManifest
FN:97,(anonymous_8)
FNF:9
FNH:9
FNDA:1,sha256
FNDA:3,buildMessageManifest
FNDA:5,loadKeys
FNDA:2,getPrivateKey
FNDA:3,getPublicKey
FNDA:2,signManifest
FNDA:56,(anonymous_6)
FNDA:3,verifyManifest
FNDA:84,(anonymous_8)
DA:1,6
DA:2,6
DA:23,6
DA:24,1
DA:29,6
DA:30,3
DA:38,6
DA:39,6
DA:42,5
DA:44,1
DA:45,0
DA:46,0
DA:53,0
DA:54,0
DA:55,0
DA:58,0
DA:61,1
DA:62,1
DA:66,2
DA:67,2
DA:71,3
DA:72,3
DA:77,6
DA:78,2
DA:79,56
DA:81,2
DA:91,2
DA:94,6
DA:95,3
DA:96,3
DA:97,84
DA:98,3
DA:100,3
DA:111,0
DA:112,0
LF:35
LH:27
BRDA:42,0,0,4
BRDA:42,0,1,1
BRDA:42,1,0,5
BRDA:42,1,1,4
BRDA:44,2,0,0
BRDA:44,2,1,1
BRDA:44,3,0,1
BRDA:44,3,1,1
BRDA:45,4,0,0
BRDA:45,4,1,0
BRF:10
BRH:7
end_of_record
TN:
SF:src/modules/license/license.controller.ts
FN:6,getIdParam
FN:14,(anonymous_10)
FN:19,(anonymous_11)
FN:24,(anonymous_12)
FN:29,(anonymous_13)
FNF:5
FNH:0
FNDA:0,getIdParam
FNDA:0,(anonymous_10)
FNDA:0,(anonymous_11)
FNDA:0,(anonymous_12)
FNDA:0,(anonymous_13)
DA:2,3
DA:3,3
DA:4,3
DA:7,0
DA:8,0
DA:9,0
DA:11,0
DA:14,3
DA:15,0
DA:16,0
DA:19,3
DA:20,0
DA:21,0
DA:24,3
DA:25,0
DA:26,0
DA:29,3
DA:30,0
DA:31,0
LF:19
LH:7
BRDA:8,0,0,0
BRDA:8,0,1,0
BRDA:8,1,0,0
BRDA:8,1,1,0
BRF:4
BRH:0
end_of_record
TN:
SF:src/modules/license/license.routes.ts
FNF:0
FNH:0
DA:1,3
DA:2,3
DA:3,3
DA:4,3
DA:5,3
DA:7,3
DA:9,3
DA:10,3
DA:11,3
DA:12,3
DA:14,3
LF:11
LH:11
BRF:0
BRH:0
end_of_record
TN:
SF:src/modules/license/license.schemas.ts
FNF:0
FNH:0
DA:1,3
DA:3,3
DA:15,3
LF:3
LH:3
BRF:0
BRH:0
end_of_record
TN:
SF:src/modules/license/license.service.ts
FN:5,listLicenses
FN:11,createLicense
FN:37,updateLicense
FN:81,deleteLicense
FNF:4
FNH:4
FNDA:1,listLicenses
FNDA:1,createLicense
FNDA:1,updateLicense
FNDA:1,deleteLicense
DA:2,4
DA:3,4
DA:5,4
DA:6,1
DA:11,4
DA:22,1
DA:37,4
DA:51,1
DA:52,1
DA:53,0
DA:57,1
DA:58,0
DA:59,1
DA:60,0
DA:62,1
DA:65,1
DA:81,4
DA:82,1
DA:83,1
DA:84,0
DA:87,1
DA:88,1
LF:22
LH:18
BRDA:26,0,0,1
BRDA:26,0,1,1
BRDA:27,1,0,1
BRDA:27,1,1,1
BRDA:28,2,0,1
BRDA:28,2,1,1
BRDA:32,3,0,0
BRDA:32,3,1,1
BRDA:52,4,0,0
BRDA:52,4,1,1
BRDA:57,5,0,0
BRDA:57,5,1,1
BRDA:59,6,0,0
BRDA:59,6,1,1
BRDA:70,7,0,0
BRDA:70,7,1,1
BRDA:71,8,0,0
BRDA:71,8,1,1
BRDA:72,9,0,0
BRDA:72,9,1,1
BRDA:83,10,0,0
BRDA:83,10,1,1
BRF:22
BRH:14
end_of_record
TN:
SF:src/modules/metadata/metadata.service.ts
FN:3,getMessageById
FN:9,getMessageByIdForActor
FN:23,listMessagesForActor
FNF:3
FNH:3
FNDA:4,getMessageById
FNDA:3,getMessageByIdForActor
FNDA:2,listMessagesForActor
DA:1,1
DA:3,1
DA:4,4
DA:9,1
DA:10,3
DA:12,3
DA:13,0
DA:16,3
DA:17,2
DA:20,1
DA:23,1
DA:24,2
LF:12
LH:11
BRDA:9,0,0,0
BRDA:12,1,0,0
BRDA:12,1,1,3
BRDA:16,2,0,2
BRDA:16,2,1,1
BRDA:16,3,0,3
BRDA:16,3,1,2
BRDA:23,4,0,0
BRDA:25,5,0,1
BRDA:25,5,1,1
BRF:10
BRH:7
end_of_record
TN:
SF:src/modules/notification/notification.service.ts
FN:1,sendNotificationEmail
FNF:1
FNH:1
FNDA:1,sendNotificationEmail
DA:1,1
DA:2,1
LF:2
LH:2
BRF:0
BRH:0
end_of_record
TN:
SF:src/modules/user/user.controller.ts
FN:6,getIdParam
FN:14,(anonymous_10)
FN:19,(anonymous_11)
FN:24,(anonymous_12)
FN:29,(anonymous_13)
FNF:5
FNH:0
FNDA:0,getIdParam
FNDA:0,(anonymous_10)
FNDA:0,(anonymous_11)
FNDA:0,(anonymous_12)
FNDA:0,(anonymous_13)
DA:2,3
DA:3,3
DA:4,3
DA:7,0
DA:8,0
DA:9,0
DA:11,0
DA:14,3
DA:15,0
DA:16,0
DA:19,3
DA:20,0
DA:21,0
DA:24,3
DA:25,0
DA:26,0
DA:29,3
DA:30,0
DA:31,0
LF:19
LH:7
BRDA:8,0,0,0
BRDA:8,0,1,0
BRDA:8,1,0,0
BRDA:8,1,1,0
BRF:4
BRH:0
end_of_record
TN:
SF:src/modules/user/user.routes.ts
FNF:0
FNH:0
DA:1,3
DA:2,3
DA:3,3
DA:4,3
DA:5,3
DA:7,3
DA:9,3
DA:10,3
DA:11,3
DA:12,3
DA:14,3
LF:11
LH:11
BRF:0
BRH:0
end_of_record
TN:
SF:src/modules/user/user.schemas.ts
FNF:0
FNH:0
DA:1,3
DA:3,3
DA:10,3
LF:3
LH:3
BRF:0
BRH:0
end_of_record
TN:
SF:src/modules/user/user.service.ts
FN:6,toPublicUser
FN:24,listUsers
FN:32,createUser
FN:58,updateUser
FN:83,deleteUser
FNF:5
FNH:5
FNDA:5,toPublicUser
FNDA:1,listUsers
FNDA:1,createUser
FNDA:1,updateUser
FNDA:1,deleteUser
DA:1,5
DA:3,5
DA:4,5
DA:6,5
DA:14,5
DA:24,5
DA:25,1
DA:29,1
DA:32,5
DA:38,1
DA:40,1
DA:41,0
DA:44,1
DA:46,1
DA:55,1
DA:58,5
DA:59,1
DA:61,1
DA:62,0
DA:65,1
DA:67,1
DA:68,1
DA:71,1
DA:72,0
DA:75,1
DA:76,0
DA:79,1
DA:80,1
DA:83,5
DA:84,1
DA:86,1
DA:87,0
DA:90,1
DA:91,1
LF:34
LH:29
BRDA:17,0,0,5
BRDA:17,0,1,2
BRDA:40,1,0,0
BRDA:40,1,1,1
BRDA:61,2,0,0
BRDA:61,2,1,1
BRDA:67,3,0,1
BRDA:67,3,1,0
BRDA:71,4,0,0
BRDA:71,4,1,1
BRDA:75,5,0,0
BRDA:75,5,1,1
BRDA:86,6,0,0
BRDA:86,6,1,1
BRF:14
BRH:8
end_of_record
TN:
SF:src/modules/video/video.controller.ts
FN:15,getAuth
FN:23,getIdParam
FN:31,(anonymous_2)
FN:47,(anonymous_3)
FN:53,(anonymous_4)
FN:58,(anonymous_5)
FN:63,(anonymous_6)
FN:71,(anonymous_7)
FNF:8
FNH:5
FNDA:3,getAuth
FNDA:2,getIdParam
FNDA:1,(anonymous_2)
FNDA:0,(anonymous_3)
FNDA:0,(anonymous_4)
FNDA:0,(anonymous_5)
FNDA:1,(anonymous_6)
FNDA:1,(anonymous_7)
DA:2,4
DA:3,4
DA:4,4
DA:5,4
DA:16,3
DA:17,3
DA:18,0
DA:20,3
DA:24,2
DA:25,2
DA:26,0
DA:28,2
DA:31,4
DA:32,1
DA:34,1
DA:36,1
DA:44,1
DA:47,4
DA:48,0
DA:49,0
DA:50,0
DA:53,4
DA:54,0
DA:55,0
DA:58,4
DA:59,0
DA:60,0
DA:63,4
DA:64,1
DA:66,1
DA:67,1
DA:68,1
DA:71,4
DA:72,1
DA:73,1
LF:35
LH:26
BRDA:17,0,0,0
BRDA:17,0,1,3
BRDA:25,1,0,0
BRDA:25,1,1,2
BRDA:25,2,0,2
BRDA:25,2,1,2
BRDA:32,3,0,0
BRDA:32,3,1,1
BRF:8
BRH:5
end_of_record
TN:
SF:src/modules/video/video.routes.ts
FNF:0
FNH:0
DA:1,3
DA:2,3
DA:3,3
DA:4,3
DA:6,3
DA:7,3
DA:12,3
DA:13,3
DA:14,3
DA:15,3
DA:16,3
DA:17,3
DA:19,3
LF:13
LH:13
BRF:0
BRH:0
end_of_record
TN:
SF:src/modules/video/video.schemas.ts
FNF:0
FNH:0
DA:1,4
DA:3,4
DA:9,4
LF:3
LH:3
BRF:0
BRH:0
end_of_record
TN:
SF:src/modules/video/video.service.ts
FN:22,toParticipant
FN:35,toMessageListItem
FN:80,findAuthorizedMessage
FN:104,getStorageRoot
FN:108,sanitizeFileName
FN:112,uploadMessage
FN:199,(anonymous_7)
FN:202,listMessageRecipients
FN:218,(anonymous_9)
FN:221,listMessages
FN:270,(anonymous_11)
FN:278,getMessageDetails
FN:293,openMessageStream
FN:311,removeMessage
FN:318,(anonymous_15)
FN:335,createMessageReadStream
FNF:16
FNH:6
FNDA:2,toParticipant
FNDA:1,toMessageListItem
FNDA:0,findAuthorizedMessage
FNDA:1,getStorageRoot
FNDA:1,sanitizeFileName
FNDA:2,uploadMessage
FNDA:1,(anonymous_7)
FNDA:0,listMessageRecipients
FNDA:0,(anonymous_9)
FNDA:0,listMessages
FNDA:0,(anonymous_11)
FNDA:0,getMessageDetails
FNDA:0,openMessageStream
FNDA:0,removeMessage
FNDA:0,(anonymous_15)
FNDA:0,createMessageReadStream
DA:1,5
DA:2,5
DA:3,5
DA:4,5
DA:6,5
DA:7,5
DA:8,5
DA:9,5
DA:10,5
DA:23,2
DA:24,0
DA:27,2
DA:54,1
DA:81,0
DA:89,0
DA:90,0
DA:93,0
DA:94,0
DA:95,0
DA:97,0
DA:98,0
DA:101,0
DA:105,1
DA:109,1
DA:112,5
DA:119,2
DA:120,1
DA:121,0
DA:124,1
DA:125,1
DA:127,1
DA:131,1
DA:132,0
DA:135,1
DA:136,0
DA:139,1
DA:140,1
DA:141,1
DA:143,1
DA:145,1
DA:159,1
DA:161,1
DA:163,1
DA:179,1
DA:193,1
DA:199,1
DA:202,5
DA:203,0
DA:218,0
DA:221,5
DA:223,0
DA:233,0
DA:253,0
DA:255,0
DA:269,0
DA:270,0
DA:278,5
DA:279,0
DA:281,0
DA:282,0
DA:284,0
DA:293,5
DA:294,0
DA:296,0
DA:297,0
DA:298,0
DA:301,0
DA:308,0
DA:311,5
DA:312,0
DA:314,0
DA:315,0
DA:318,0
DA:320,0
DA:325,0
DA:332,0
DA:335,5
DA:336,0
LF:78
LH:39
BRDA:23,0,0,0
BRDA:23,0,1,2
BRDA:30,1,0,2
BRDA:30,1,1,0
BRDA:66,2,0,1
BRDA:66,2,1,0
BRDA:68,3,0,0
BRDA:68,3,1,0
BRDA:89,4,0,0
BRDA:89,4,1,0
BRDA:89,5,0,0
BRDA:89,5,1,0
BRDA:97,6,0,0
BRDA:97,6,1,0
BRDA:97,7,0,0
BRDA:97,7,1,0
BRDA:97,7,2,0
BRDA:119,8,0,1
BRDA:119,8,1,1
BRDA:120,9,0,0
BRDA:120,9,1,1
BRDA:131,10,0,0
BRDA:131,10,1,1
BRDA:135,11,0,0
BRDA:135,11,1,1
BRDA:151,12,0,1
BRDA:151,12,1,0
BRDA:223,13,0,0
BRDA:223,13,1,0
BRDA:225,14,0,0
BRDA:225,14,1,0
BRDA:227,15,0,0
BRDA:227,15,1,0
BRDA:236,16,0,0
BRDA:236,16,1,0
BRDA:249,17,0,0
BRDA:249,17,1,0
BRDA:250,18,0,0
BRDA:250,18,1,0
BRDA:289,19,0,0
BRDA:289,19,1,0
BRDA:297,20,0,0
BRDA:297,20,1,0
BRDA:314,21,0,0
BRDA:314,21,1,0
BRDA:314,22,0,0
BRDA:314,22,1,0
BRF:47
BRH:9
end_of_record
TN:
SF:src/shared/async-handler.ts
FN:3,asyncHandler
FN:4,(anonymous_1)
FNF:2
FNH:2
FNDA:54,asyncHandler
FNDA:6,(anonymous_1)
DA:3,4
DA:4,54
DA:5,6
LF:3
LH:3
BRF:0
BRH:0
end_of_record
TN:
SF:src/shared/http-errors.ts
FN:5,(anonymous_0)
FN:13,badRequest
FN:17,unauthorized
FN:21,forbidden
FN:25,notFound
FNF:5
FNH:4
FNDA:8,(anonymous_0)
FNDA:1,badRequest
FNDA:6,unauthorized
FNDA:0,forbidden
FNDA:1,notFound
DA:1,9
DA:6,8
DA:7,8
DA:8,8
DA:9,8
DA:13,9
DA:14,1
DA:17,9
DA:18,6
DA:21,9
DA:22,0
DA:25,9
DA:26,1
LF:13
LH:12
BRDA:17,0,0,0
BRDA:21,1,0,0
BRDA:25,2,0,0
BRF:3
BRH:0
end_of_record
TN:
SF:src/shared/middleware/authenticate.ts
FN:5,(anonymous_0)
FN:23,requireRole
FN:24,(anonymous_2)
FNF:3
FNH:2
FNDA:2,(anonymous_0)
FNDA:24,requireRole
FNDA:0,(anonymous_2)
DA:2,3
DA:3,3
DA:5,3
DA:6,2
DA:8,2
DA:9,1
DA:12,1
DA:14,1
DA:15,1
DA:16,1
DA:19,0
DA:23,3
DA:24,24
DA:25,0
DA:26,0
DA:29,0
DA:30,0
DA:33,0
LF:18
LH:12
BRDA:8,0,0,1
BRDA:8,0,1,1
BRDA:19,1,0,0
BRDA:19,1,1,0
BRDA:25,2,0,0
BRDA:25,2,1,0
BRDA:29,3,0,0
BRDA:29,3,1,0
BRF:8
BRH:2
end_of_record
TN:
SF:src/shared/middleware/error-handler.ts
FN:6,handlePrismaError
FN:69,(anonymous_1)
FN:73,(anonymous_2)
FNF:3
FNH:2
FNDA:0,handlePrismaError
FNDA:1,(anonymous_1)
FNDA:3,(anonymous_2)
DA:2,3
DA:3,3
DA:4,3
DA:7,0
DA:8,0
DA:9,0
DA:13,0
DA:16,0
DA:19,0
DA:20,0
DA:23,0
DA:26,0
DA:27,0
DA:30,0
DA:33,0
DA:34,0
DA:37,0
DA:40,0
DA:41,0
DA:44,0
DA:47,0
DA:53,0
DA:56,0
DA:59,0
DA:60,0
DA:63,0
DA:66,0
DA:69,3
DA:70,1
DA:73,3
DA:74,3
DA:75,0
DA:79,0
DA:82,3
DA:83,3
DA:87,3
DA:90,0
DA:91,0
DA:94,0
DA:96,0
LF:40
LH:10
BRDA:7,0,0,0
BRDA:7,0,1,0
BRDA:8,1,0,0
BRDA:8,1,1,0
BRDA:9,2,0,0
BRDA:9,2,1,0
BRDA:11,3,0,0
BRDA:11,3,1,0
BRDA:19,4,0,0
BRDA:19,4,1,0
BRDA:26,5,0,0
BRDA:26,5,1,0
BRDA:33,6,0,0
BRDA:33,6,1,0
BRDA:40,7,0,0
BRDA:40,7,1,0
BRDA:59,8,0,0
BRDA:59,8,1,0
BRDA:74,9,0,0
BRDA:74,9,1,3
BRDA:82,10,0,3
BRDA:82,10,1,0
BRDA:90,11,0,0
BRDA:90,11,1,0
BRF:24
BRH:2
end_of_record
TN:
SF:src/shared/middleware/rate-limit.ts
FNF:0
FNH:0
DA:1,3
DA:3,3
LF:2
LH:2
BRF:0
BRH:0
end_of_record
TN:
SF:src/shared/middleware/validate.ts
FN:5,validateBody
FN:6,(anonymous_1)
FNF:2
FNH:2
FNDA:15,validateBody
FNDA:2,(anonymous_1)
DA:3,3
DA:5,3
DA:6,15
DA:7,2
DA:9,2
DA:10,0
DA:11,0
DA:14,2
DA:15,2
LF:9
LH:7
BRDA:9,0,0,0
BRDA:9,0,1,2
BRF:2
BRH:1
end_of_record
TN:
SF:src/shared/security/jwt.ts
FN:11,signAuthToken
FN:21,verifyAuthToken
FNF:2
FNH:2
FNDA:3,signAuthToken
FNDA:2,verifyAuthToken
DA:1,4
DA:2,4
DA:11,4
DA:12,3
DA:21,4
DA:22,2
DA:27,2
DA:28,0
DA:31,2
LF:9
LH:8
BRDA:27,0,0,0
BRDA:27,0,1,2
BRF:2
BRH:1
end_of_record
